#
# A fatal error has been detected by the Java Runtime Environment:
#
#  SIGSEGV (0xb) at pc=0x00000001220478f8, pid=9370, tid=0x000000000000a803
#
# JRE version: Java(TM) SE Runtime Environment (8.0_121-b13) (build 1.8.0_121-b13)
# Java VM: Java HotSpot(TM) 64-Bit Server VM (25.121-b13 mixed mode bsd-amd64 compressed oops)
# Problematic frame:
# C  [libtesseract.4.dylib+0x1508f8]  STRING::string() const+0x4
#
# Failed to write core dump. Core dumps have been disabled. To enable core dumping, try "ulimit -c unlimited" before starting Java again
#
# If you would like to submit a bug report, please visit:
#   http://bugreport.java.com/bugreport/crash.jsp
# The crash happened outside the Java Virtual Machine in native code.
# See problematic frame for where to report the bug.
#

---------------  T H R E A D  ---------------

Current thread (0x00007f865e895000):  JavaThread "restartedMain" [_thread_in_native, id=43011, stack(0x000070000ee8e000,0x000070000ef8e000)]

siginfo: si_signo: 11 (SIGSEGV), si_code: 1 (SEGV_MAPERR), si_addr: 0x0000000000000000

Registers:
RAX=0x000070000ef8b401, RBX=0x00000001224f7000, RCX=0x0000000000000000, RDX=0xffffffffffffffd0
RSP=0x000070000ef8b4b0, RBP=0x000070000ef8b4b0, RSI=0x0000000000000000, RDI=0x0000000000000000
R8 =0x0000000000000638, R9 =0x00000000000018d8, R10=0x0000000000000003, R11=0x0000000000000007
R12=0x00007f865a5dcb90, R13=0x0000000120c89464, R14=0x0000000000000000, R15=0x00007f865a5dcb90
RIP=0x00000001220478f8, EFLAGS=0x0000000000010202, ERR=0x0000000000000004
  TRAPNO=0x000000000000000e

Top of Stack: (sp=0x000070000ef8b4b0)
0x000070000ef8b4b0:   000070000ef8bfc0 0000000121efb032
0x000070000ef8b4c0:   0000000000000000 0000000065a258a4
0x000070000ef8b4d0:   000070000ef8b520 00007f865e895000
0x000070000ef8b4e0:   000070000ef8b530 0000000000000000
0x000070000ef8b4f0:   0000000000000000 0000000000000000
0x000070000ef8b500:   0000000000000000 0000000000000000
0x000070000ef8b510:   0000000000000000 0000000000000000
0x000070000ef8b520:   0000000000000000 0000000000000000
0x000070000ef8b530:   0000000000000000 0000000000000000
0x000070000ef8b540:   0000000000000000 0000000000000000
0x000070000ef8b550:   0000000000000000 0000000000000000
0x000070000ef8b560:   0000000000000000 0000000000000000
0x000070000ef8b570:   0000000000000000 0000000000000000
0x000070000ef8b580:   0000000000000000 0000000000000000
0x000070000ef8b590:   0000000000000000 0000000000000000
0x000070000ef8b5a0:   0000000000000000 0000000000000000
0x000070000ef8b5b0:   0000000000000000 0000000000000000
0x000070000ef8b5c0:   0000000000000000 0000000000000000
0x000070000ef8b5d0:   0000000000000000 0000000000000000
0x000070000ef8b5e0:   0000000000000000 0000000000000000
0x000070000ef8b5f0:   0000000000000000 0000000000000000
0x000070000ef8b600:   0000000000000000 0000000000000000
0x000070000ef8b610:   0000000000000000 0000000000000000
0x000070000ef8b620:   0000000000000000 0000000000000000
0x000070000ef8b630:   0000000000000000 0000000000000000
0x000070000ef8b640:   0000000000000000 0000000000000000
0x000070000ef8b650:   0000000000000000 0000000000000000
0x000070000ef8b660:   0000000000000000 0000000000000000
0x000070000ef8b670:   0000000000000000 0000000000000000
0x000070000ef8b680:   0000000000000000 0000000000000000
0x000070000ef8b690:   0000000000000000 0000000000000000
0x000070000ef8b6a0:   0000000000000000 0000000000000000 

Instructions: (pc=0x00000001220478f8)
0x00000001220478d8:   e5 40 0f be f6 48 8b 3f 48 83 c7 08 e8 1b 25 01
0x00000001220478e8:   00 48 85 c0 0f 95 c0 5d c3 31 c0 c3 55 48 89 e5
0x00000001220478f8:   48 8b 07 48 85 c0 74 13 83 78 04 00 74 0d c7 40
0x0000000122047908:   04 ff ff ff ff 48 83 c0 08 eb 02 31 c0 5d c3 90 

Register to memory mapping:

RAX=0x000070000ef8b401 is pointing into the stack for thread: 0x00007f865e895000
RBX=0x00000001224f7000 is an unknown value
RCX=0x0000000000000000 is an unknown value
RDX=0xffffffffffffffd0 is an unknown value
RSP=0x000070000ef8b4b0 is pointing into the stack for thread: 0x00007f865e895000
RBP=0x000070000ef8b4b0 is pointing into the stack for thread: 0x00007f865e895000
RSI=0x0000000000000000 is an unknown value
RDI=0x0000000000000000 is an unknown value
R8 =0x0000000000000638 is an unknown value
R9 =0x00000000000018d8 is an unknown value
R10=0x0000000000000003 is an unknown value
R11=0x0000000000000007 is an unknown value
R12=0x00007f865a5dcb90 is an unknown value
R13=0x0000000120c89464: ffi_call+0x414 in /Users/oalbader/Library/Caches/JNA/temp/jna3729179876433232934.tmp at 0x0000000120c7c000
R14=0x0000000000000000 is an unknown value
R15=0x00007f865a5dcb90 is an unknown value


Stack: [0x000070000ee8e000,0x000070000ef8e000],  sp=0x000070000ef8b4b0,  free space=1013k
Native frames: (J=compiled Java code, j=interpreted, Vv=VM code, C=native code)
C  [libtesseract.4.dylib+0x1508f8]  STRING::string() const+0x4
C  [libtesseract.4.dylib+0x4032]  tesseract::TessBaseAPI::FindLines()+0x166
C  [libtesseract.4.dylib+0x42f7]  tesseract::TessBaseAPI::Recognize(ETEXT_DESC*)+0x29
C  [libtesseract.4.dylib+0x35e5]  tesseract::TessBaseAPI::GetUTF8Text()+0x2b
C  [jna3729179876433232934.tmp+0xde74]  ffi_call_unix64+0x4c
C  0x000070000ef8ca78

Java frames: (J=compiled Java code, j=interpreted, Vv=VM code)
j  com.sun.jna.Native.invokePointer(Lcom/sun/jna/Function;JI[Ljava/lang/Object;)J+0
j  com.sun.jna.Function.invokePointer(I[Ljava/lang/Object;)Lcom/sun/jna/Pointer;+7
j  com.sun.jna.Function.invoke([Ljava/lang/Object;Ljava/lang/Class;ZI)Ljava/lang/Object;+385
j  com.sun.jna.Function.invoke(Ljava/lang/reflect/Method;[Ljava/lang/Class;Ljava/lang/Class;[Ljava/lang/Object;Ljava/util/Map;)Ljava/lang/Object;+271
j  com.sun.jna.Library$Handler.invoke(Ljava/lang/Object;Ljava/lang/reflect/Method;[Ljava/lang/Object;)Ljava/lang/Object;+390
j  com.sun.proxy.$Proxy59.TessBaseAPIGetUTF8Text(Lnet/sourceforge/tess4j/ITessAPI$TessBaseAPI;)Lcom/sun/jna/Pointer;+16
j  net.sourceforge.tess4j.Tesseract.getOCRText(Ljava/lang/String;I)Ljava/lang/String;+269
j  net.sourceforge.tess4j.Tesseract.doOCR(Ljavax/imageio/IIOImage;Ljava/lang/String;Ljava/awt/Rectangle;I)Ljava/lang/String;+18
j  net.sourceforge.tess4j.Tesseract.doOCR(Ljava/io/File;Ljava/awt/Rectangle;)Ljava/lang/String;+126
j  net.sourceforge.tess4j.Tesseract.doOCR(Ljava/io/File;)Ljava/lang/String;+3
j  io.oalbader.ocr.OcrApplication.main([Ljava/lang/String;)V+49
v  ~StubRoutines::call_stub
j  sun.reflect.NativeMethodAccessorImpl.invoke0(Ljava/lang/reflect/Method;Ljava/lang/Object;[Ljava/lang/Object;)Ljava/lang/Object;+0
j  sun.reflect.NativeMethodAccessorImpl.invoke(Ljava/lang/Object;[Ljava/lang/Object;)Ljava/lang/Object;+100
j  sun.reflect.DelegatingMethodAccessorImpl.invoke(Ljava/lang/Object;[Ljava/lang/Object;)Ljava/lang/Object;+6
j  java.lang.reflect.Method.invoke(Ljava/lang/Object;[Ljava/lang/Object;)Ljava/lang/Object;+56
j  org.springframework.boot.devtools.restart.RestartLauncher.run()V+42
v  ~StubRoutines::call_stub

---------------  P R O C E S S  ---------------

Java Threads: ( => current thread )
  0x00007f865bcfd800 JavaThread "RMI TCP Connection(2)-192.168.8.121" daemon [_thread_in_native, id=27655, stack(0x00007000106d6000,0x00007000107d6000)]
  0x00007f865bdf0000 JavaThread "Java2D Disposer" daemon [_thread_blocked, id=27911, stack(0x00007000104d0000,0x00007000105d0000)]
  0x00007f865a9e0800 JavaThread "AWT-AppKit" daemon [_thread_in_native, id=775, stack(0x00007ffeedb4f000,0x00007ffeee34f000)]
  0x00007f865e9a3000 JavaThread "http-nio-8080-Acceptor" daemon [_thread_in_native, id=26883, stack(0x00007000103cd000,0x00007000104cd000)]
  0x00007f865d1a3800 JavaThread "http-nio-8080-ClientPoller" daemon [_thread_in_native, id=36611, stack(0x00007000102ca000,0x00007000103ca000)]
  0x00007f865e9a2000 JavaThread "http-nio-8080-exec-10" daemon [_thread_blocked, id=26627, stack(0x00007000101c7000,0x00007000102c7000)]
  0x00007f865e9a1800 JavaThread "http-nio-8080-exec-9" daemon [_thread_blocked, id=37123, stack(0x00007000100c4000,0x00007000101c4000)]
  0x00007f865e9a0800 JavaThread "http-nio-8080-exec-8" daemon [_thread_blocked, id=26115, stack(0x000070000ffc1000,0x00007000100c1000)]
  0x00007f865e998800 JavaThread "http-nio-8080-exec-7" daemon [_thread_blocked, id=25859, stack(0x000070000febe000,0x000070000ffbe000)]
  0x00007f865e998000 JavaThread "http-nio-8080-exec-6" daemon [_thread_blocked, id=38147, stack(0x000070000fdbb000,0x000070000febb000)]
  0x00007f865e997000 JavaThread "http-nio-8080-exec-5" daemon [_thread_blocked, id=25603, stack(0x000070000fcb8000,0x000070000fdb8000)]
  0x00007f865d19f000 JavaThread "http-nio-8080-exec-4" daemon [_thread_blocked, id=25347, stack(0x000070000fbb5000,0x000070000fcb5000)]
  0x00007f865d19d000 JavaThread "http-nio-8080-exec-3" daemon [_thread_blocked, id=24835, stack(0x000070000fab2000,0x000070000fbb2000)]
  0x00007f865e992800 JavaThread "http-nio-8080-exec-2" daemon [_thread_blocked, id=38915, stack(0x000070000f9af000,0x000070000faaf000)]
  0x00007f865e991800 JavaThread "http-nio-8080-exec-1" daemon [_thread_blocked, id=39427, stack(0x000070000f8ac000,0x000070000f9ac000)]
  0x00007f865bde9800 JavaThread "http-nio-8080-BlockPoller" daemon [_thread_in_native, id=39943, stack(0x000070000f7a9000,0x000070000f8a9000)]
  0x00007f865bde6000 JavaThread "Live Reload Server" daemon [_thread_in_native, id=24071, stack(0x000070000f6a6000,0x000070000f7a6000)]
  0x00007f865bde5800 JavaThread "File Watcher" daemon [_thread_blocked, id=40451, stack(0x000070000f5a3000,0x000070000f6a3000)]
  0x00007f865e983800 JavaThread "container-0" [_thread_blocked, id=40963, stack(0x000070000f4a0000,0x000070000f5a0000)]
  0x00007f865bbbb000 JavaThread "Catalina-utility-2" [_thread_blocked, id=41271, stack(0x000070000f39d000,0x000070000f49d000)]
  0x00007f865e983000 JavaThread "Catalina-utility-1" [_thread_blocked, id=41819, stack(0x000070000f29a000,0x000070000f39a000)]
  0x00007f865e052800 JavaThread "RMI Scheduler(0)" daemon [_thread_blocked, id=42019, stack(0x000070000f197000,0x000070000f297000)]
  0x00007f865d16c000 JavaThread "RMI TCP Connection(1)-192.168.8.121" daemon [_thread_in_native, id=23079, stack(0x000070000f094000,0x000070000f194000)]
  0x00007f865d13b000 JavaThread "Attach Listener" daemon [_thread_blocked, id=42503, stack(0x000070000ef91000,0x000070000f091000)]
=>0x00007f865e895000 JavaThread "restartedMain" [_thread_in_native, id=43011, stack(0x000070000ee8e000,0x000070000ef8e000)]
  0x00007f865e89b000 JavaThread "Thread-1" [_thread_blocked, id=22787, stack(0x000070000ed8b000,0x000070000ee8b000)]
  0x00007f865a80a800 JavaThread "RMI TCP Accept-0" daemon [_thread_in_native, id=21763, stack(0x000070000eb85000,0x000070000ec85000)]
  0x00007f865d0a2800 JavaThread "Service Thread" daemon [_thread_blocked, id=15363, stack(0x000070000ea82000,0x000070000eb82000)]
  0x00007f865e813800 JavaThread "C1 CompilerThread3" daemon [_thread_blocked, id=15107, stack(0x000070000e97f000,0x000070000ea7f000)]
  0x00007f865e813000 JavaThread "C2 CompilerThread2" daemon [_thread_blocked, id=16387, stack(0x000070000e87c000,0x000070000e97c000)]
  0x00007f865e812000 JavaThread "C2 CompilerThread1" daemon [_thread_blocked, id=16643, stack(0x000070000e779000,0x000070000e879000)]
  0x00007f865e811800 JavaThread "C2 CompilerThread0" daemon [_thread_blocked, id=14339, stack(0x000070000e676000,0x000070000e776000)]
  0x00007f865e80e000 JavaThread "Monitor Ctrl-Break" daemon [_thread_in_native, id=16899, stack(0x000070000e573000,0x000070000e673000)]
  0x00007f865a800800 JavaThread "Signal Dispatcher" daemon [_thread_blocked, id=13827, stack(0x000070000e470000,0x000070000e570000)]
  0x00007f865d012800 JavaThread "Finalizer" daemon [_thread_blocked, id=19203, stack(0x000070000e267000,0x000070000e367000)]
  0x00007f865c80a800 JavaThread "Reference Handler" daemon [_thread_blocked, id=11779, stack(0x000070000e164000,0x000070000e264000)]
  0x00007f865b804800 JavaThread "main" [_thread_blocked, id=4099, stack(0x000070000d746000,0x000070000d846000)]

Other Threads:
  0x00007f865d00d800 VMThread [stack: 0x000070000e061000,0x000070000e161000] [id=19971]
  0x00007f865a80b000 WatcherThread [stack: 0x000070000ec88000,0x000070000ed88000] [id=22275]

VM state:not at safepoint (normal execution)

VM Mutex/Monitor currently owned by a thread: None

Heap:
 PSYoungGen      total 105984K, used 58169K [0x000000076ab00000, 0x0000000773d80000, 0x00000007c0000000)
  eden space 97792K, 51% used [0x000000076ab00000,0x000000076dbe0500,0x0000000770a80000)
  from space 8192K, 99% used [0x0000000773580000,0x0000000773d6e0d8,0x0000000773d80000)
  to   space 10752K, 0% used [0x0000000772880000,0x0000000772880000,0x0000000773300000)
 ParOldGen       total 105472K, used 7589K [0x00000006c0000000, 0x00000006c6700000, 0x000000076ab00000)
  object space 105472K, 7% used [0x00000006c0000000,0x00000006c07694b8,0x00000006c6700000)
 Metaspace       used 29253K, capacity 31050K, committed 31104K, reserved 1077248K
  class space    used 3842K, capacity 4177K, committed 4224K, reserved 1048576K

Card table byte_map: [0x0000000103d62000,0x0000000104563000] byte_map_base: 0x0000000100762000

Marking Bits: (ParMarkBitMap*) 0x00000001032f0d30
 Begin Bits: [0x0000000104ab9000, 0x0000000108ab9000)
 End Bits:   [0x0000000108ab9000, 0x000000010cab9000)

Polling page: 0x0000000101923000

CodeCache: size=245760Kb used=5559Kb max_used=5559Kb free=240200Kb
 bounds [0x000000010f9a7000, 0x000000010ff17000, 0x000000011e9a7000]
 total_blobs=3194 nmethods=2741 adapters=365
 compilation: enabled

Compilation events (10 events):
Event: 3.192 Thread 0x00007f865e813800 2737       1       sun.awt.image.ByteInterleavedRaster::getDataElements (18 bytes)
Event: 3.192 Thread 0x00007f865e813800 nmethod 2737 0x000000010ff11b50 code [0x000000010ff11cc0, 0x000000010ff11e28]
Event: 3.192 Thread 0x00007f865e813800 2738       1       sun.awt.image.ByteInterleavedRaster::getByteData (851 bytes)
Event: 3.193 Thread 0x00007f865e813800 nmethod 2738 0x000000010ff11ed0 code [0x000000010ff12120, 0x000000010ff12fe8]
Event: 3.193 Thread 0x00007f865e813800 2740       1       com.sun.imageio.plugins.common.SubImageInputStream::read (46 bytes)
Event: 3.194 Thread 0x00007f865e813800 nmethod 2740 0x000000010ff14310 code [0x000000010ff14480, 0x000000010ff14608]
Event: 3.194 Thread 0x00007f865e813800 2739       1       sun.awt.image.ByteInterleavedRaster::setDataElements (18 bytes)
Event: 3.194 Thread 0x00007f865e813800 nmethod 2739 0x000000010ff14690 code [0x000000010ff14800, 0x000000010ff14968]
Event: 3.195 Thread 0x00007f865e813800 2741       1       java.io.SequenceInputStream::read (84 bytes)
Event: 3.195 Thread 0x00007f865e813800 nmethod 2741 0x000000010ff14a10 code [0x000000010ff14bc0, 0x000000010ff14f38]

GC Heap History (10 events):
Event: 1.071 GC heap before
{Heap before GC invocations=1 (full 0):
 PSYoungGen      total 76288K, used 65536K [0x000000076ab00000, 0x0000000770000000, 0x00000007c0000000)
  eden space 65536K, 100% used [0x000000076ab00000,0x000000076eb00000,0x000000076eb00000)
  from space 10752K, 0% used [0x000000076f580000,0x000000076f580000,0x0000000770000000)
  to   space 10752K, 0% used [0x000000076eb00000,0x000000076eb00000,0x000000076f580000)
 ParOldGen       total 175104K, used 0K [0x00000006c0000000, 0x00000006cab00000, 0x000000076ab00000)
  object space 175104K, 0% used [0x00000006c0000000,0x00000006c0000000,0x00000006cab00000)
 Metaspace       used 13592K, capacity 14018K, committed 14208K, reserved 1060864K
  class space    used 1672K, capacity 1800K, committed 1920K, reserved 1048576K
Event: 1.078 GC heap after
Heap after GC invocations=1 (full 0):
 PSYoungGen      total 76288K, used 8394K [0x000000076ab00000, 0x0000000770000000, 0x00000007c0000000)
  eden space 65536K, 0% used [0x000000076ab00000,0x000000076ab00000,0x000000076eb00000)
  from space 10752K, 78% used [0x000000076eb00000,0x000000076f332830,0x000000076f580000)
  to   space 10752K, 0% used [0x000000076f580000,0x000000076f580000,0x0000000770000000)
 ParOldGen       total 175104K, used 16K [0x00000006c0000000, 0x00000006cab00000, 0x000000076ab00000)
  object space 175104K, 0% used [0x00000006c0000000,0x00000006c0004000,0x00000006cab00000)
 Metaspace       used 13592K, capacity 14018K, committed 14208K, reserved 1060864K
  class space    used 1672K, capacity 1800K, committed 1920K, reserved 1048576K
}
Event: 1.581 GC heap before
{Heap before GC invocations=2 (full 0):
 PSYoungGen      total 76288K, used 73930K [0x000000076ab00000, 0x0000000770000000, 0x00000007c0000000)
  eden space 65536K, 100% used [0x000000076ab00000,0x000000076eb00000,0x000000076eb00000)
  from space 10752K, 78% used [0x000000076eb00000,0x000000076f332830,0x000000076f580000)
  to   space 10752K, 0% used [0x000000076f580000,0x000000076f580000,0x0000000770000000)
 ParOldGen       total 175104K, used 16K [0x00000006c0000000, 0x00000006cab00000, 0x000000076ab00000)
  object space 175104K, 0% used [0x00000006c0000000,0x00000006c0004000,0x00000006cab00000)
 Metaspace       used 18769K, capacity 19506K, committed 19584K, reserved 1067008K
  class space    used 2442K, capacity 2628K, committed 2688K, reserved 1048576K
Event: 1.591 GC heap after
Heap after GC invocations=2 (full 0):
 PSYoungGen      total 76288K, used 9493K [0x000000076ab00000, 0x0000000774000000, 0x00000007c0000000)
  eden space 65536K, 0% used [0x000000076ab00000,0x000000076ab00000,0x000000076eb00000)
  from space 10752K, 88% used [0x000000076f580000,0x000000076fec57a0,0x0000000770000000)
  to   space 10752K, 0% used [0x000000076eb00000,0x000000076eb00000,0x000000076f580000)
 ParOldGen       total 175104K, used 24K [0x00000006c0000000, 0x00000006cab00000, 0x000000076ab00000)
  object space 175104K, 0% used [0x00000006c0000000,0x00000006c0006000,0x00000006cab00000)
 Metaspace       used 18769K, capacity 19506K, committed 19584K, reserved 1067008K
  class space    used 2442K, capacity 2628K, committed 2688K, reserved 1048576K
}
Event: 1.874 GC heap before
{Heap before GC invocations=3 (full 0):
 PSYoungGen      total 76288K, used 68948K [0x000000076ab00000, 0x0000000774000000, 0x00000007c0000000)
  eden space 65536K, 90% used [0x000000076ab00000,0x000000076e50fb38,0x000000076eb00000)
  from space 10752K, 88% used [0x000000076f580000,0x000000076fec57a0,0x0000000770000000)
  to   space 10752K, 0% used [0x000000076eb00000,0x000000076eb00000,0x000000076f580000)
 ParOldGen       total 175104K, used 24K [0x00000006c0000000, 0x00000006cab00000, 0x000000076ab00000)
  object space 175104K, 0% used [0x00000006c0000000,0x00000006c0006000,0x00000006cab00000)
 Metaspace       used 20363K, capacity 21230K, committed 21296K, reserved 1067008K
  class space    used 2686K, capacity 2902K, committed 2944K, reserved 1048576K
Event: 1.880 GC heap after
Heap after GC invocations=3 (full 0):
 PSYoungGen      total 76288K, used 7799K [0x000000076ab00000, 0x0000000774000000, 0x00000007c0000000)
  eden space 65536K, 0% used [0x000000076ab00000,0x000000076ab00000,0x000000076eb00000)
  from space 10752K, 72% used [0x000000076eb00000,0x000000076f29ded0,0x000000076f580000)
  to   space 10752K, 0% used [0x0000000773580000,0x0000000773580000,0x0000000774000000)
 ParOldGen       total 175104K, used 32K [0x00000006c0000000, 0x00000006cab00000, 0x000000076ab00000)
  object space 175104K, 0% used [0x00000006c0000000,0x00000006c0008000,0x00000006cab00000)
 Metaspace       used 20363K, capacity 21230K, committed 21296K, reserved 1067008K
  class space    used 2686K, capacity 2902K, committed 2944K, reserved 1048576K
}
Event: 1.880 GC heap before
{Heap before GC invocations=4 (full 1):
 PSYoungGen      total 76288K, used 7799K [0x000000076ab00000, 0x0000000774000000, 0x00000007c0000000)
  eden space 65536K, 0% used [0x000000076ab00000,0x000000076ab00000,0x000000076eb00000)
  from space 10752K, 72% used [0x000000076eb00000,0x000000076f29ded0,0x000000076f580000)
  to   space 10752K, 0% used [0x0000000773580000,0x0000000773580000,0x0000000774000000)
 ParOldGen       total 175104K, used 32K [0x00000006c0000000, 0x00000006cab00000, 0x000000076ab00000)
  object space 175104K, 0% used [0x00000006c0000000,0x00000006c0008000,0x00000006cab00000)
 Metaspace       used 20363K, capacity 21230K, committed 21296K, reserved 1067008K
  class space    used 2686K, capacity 2902K, committed 2944K, reserved 1048576K
Event: 1.907 GC heap after
Heap after GC invocations=4 (full 1):
 PSYoungGen      total 76288K, used 0K [0x000000076ab00000, 0x0000000774000000, 0x00000007c0000000)
  eden space 65536K, 0% used [0x000000076ab00000,0x000000076ab00000,0x000000076eb00000)
  from space 10752K, 0% used [0x000000076eb00000,0x000000076eb00000,0x000000076f580000)
  to   space 10752K, 0% used [0x0000000773580000,0x0000000773580000,0x0000000774000000)
 ParOldGen       total 105472K, used 7581K [0x00000006c0000000, 0x00000006c6700000, 0x000000076ab00000)
  object space 105472K, 7% used [0x00000006c0000000,0x00000006c07674b8,0x00000006c6700000)
 Metaspace       used 20361K, capacity 21224K, committed 21296K, reserved 1067008K
  class space    used 2685K, capacity 2901K, committed 2944K, reserved 1048576K
}
Event: 2.504 GC heap before
{Heap before GC invocations=5 (full 1):
 PSYoungGen      total 76288K, used 65536K [0x000000076ab00000, 0x0000000774000000, 0x00000007c0000000)
  eden space 65536K, 100% used [0x000000076ab00000,0x000000076eb00000,0x000000076eb00000)
  from space 10752K, 0% used [0x000000076eb00000,0x000000076eb00000,0x000000076f580000)
  to   space 10752K, 0% used [0x0000000773580000,0x0000000773580000,0x0000000774000000)
 ParOldGen       total 105472K, used 7581K [0x00000006c0000000, 0x00000006c6700000, 0x000000076ab00000)
  object space 105472K, 7% used [0x00000006c0000000,0x00000006c07674b8,0x00000006c6700000)
 Metaspace       used 26302K, capacity 27802K, committed 27904K, reserved 1073152K
  class space    used 3473K, capacity 3780K, committed 3840K, reserved 1048576K
Event: 2.511 GC heap after
Heap after GC invocations=5 (full 1):
 PSYoungGen      total 105984K, used 8120K [0x000000076ab00000, 0x0000000773d80000, 0x00000007c0000000)
  eden space 97792K, 0% used [0x000000076ab00000,0x000000076ab00000,0x0000000770a80000)
  from space 8192K, 99% used [0x0000000773580000,0x0000000773d6e0d8,0x0000000773d80000)
  to   space 10752K, 0% used [0x0000000772880000,0x0000000772880000,0x0000000773300000)
 ParOldGen       total 105472K, used 7589K [0x00000006c0000000, 0x00000006c6700000, 0x000000076ab00000)
  object space 105472K, 7% used [0x00000006c0000000,0x00000006c07694b8,0x00000006c6700000)
 Metaspace       used 26302K, capacity 27802K, committed 27904K, reserved 1073152K
  class space    used 3473K, capacity 3780K, committed 3840K, reserved 1048576K
}

Deoptimization events (0 events):
No events

Internal exceptions (10 events):
Event: 2.531 Thread 0x00007f865e895000 Exception <a 'java/lang/ArrayIndexOutOfBoundsException'> (0x000000076ade0b60) thrown at [/Users/java_re/workspace/8-2-build-macosx-x86_64/jdk8u121/8372/hotspot/src/share/vm/runtime/sharedRuntime.cpp, line 605]
Event: 2.531 Thread 0x00007f865e895000 Exception <a 'java/lang/ArrayIndexOutOfBoundsException'> (0x000000076ade24b0) thrown at [/Users/java_re/workspace/8-2-build-macosx-x86_64/jdk8u121/8372/hotspot/src/share/vm/runtime/sharedRuntime.cpp, line 605]
Event: 2.554 Thread 0x00007f865e895000 Exception <a 'java/lang/IncompatibleClassChangeError': Found class java.lang.Object, but interface was expected> (0x000000076b014c78) thrown at [/Users/java_re/workspace/8-2-build-macosx-x86_64/jdk8u121/8372/hotspot/src/share/vm/interpreter/linkResolver.c
Event: 2.663 Thread 0x00007f865e895000 Exception <a 'java/lang/ArrayIndexOutOfBoundsException'> (0x000000076bb2a268) thrown at [/Users/java_re/workspace/8-2-build-macosx-x86_64/jdk8u121/8372/hotspot/src/share/vm/runtime/sharedRuntime.cpp, line 605]
Event: 2.663 Thread 0x00007f865e895000 Exception <a 'java/lang/ArrayIndexOutOfBoundsException'> (0x000000076bb36a40) thrown at [/Users/java_re/workspace/8-2-build-macosx-x86_64/jdk8u121/8372/hotspot/src/share/vm/runtime/sharedRuntime.cpp, line 605]
Event: 2.664 Thread 0x00007f865e895000 Exception <a 'java/lang/ArrayIndexOutOfBoundsException'> (0x000000076bb38ce8) thrown at [/Users/java_re/workspace/8-2-build-macosx-x86_64/jdk8u121/8372/hotspot/src/share/vm/runtime/sharedRuntime.cpp, line 605]
Event: 2.664 Thread 0x00007f865e895000 Exception <a 'java/lang/ArrayIndexOutOfBoundsException'> (0x000000076bb3a400) thrown at [/Users/java_re/workspace/8-2-build-macosx-x86_64/jdk8u121/8372/hotspot/src/share/vm/runtime/sharedRuntime.cpp, line 605]
Event: 2.664 Thread 0x00007f865e895000 Exception <a 'java/lang/ArrayIndexOutOfBoundsException'> (0x000000076bb3d098) thrown at [/Users/java_re/workspace/8-2-build-macosx-x86_64/jdk8u121/8372/hotspot/src/share/vm/runtime/sharedRuntime.cpp, line 605]
Event: 2.699 Thread 0x00007f865e895000 Exception <a 'java/io/FileNotFoundException'> (0x000000076bc6f608) thrown at [/Users/java_re/workspace/8-2-build-macosx-x86_64/jdk8u121/8372/hotspot/src/share/vm/prims/jni.cpp, line 709]
Event: 2.699 Thread 0x00007f865e895000 Exception <a 'java/io/FileNotFoundException'> (0x000000076bc70158) thrown at [/Users/java_re/workspace/8-2-build-macosx-x86_64/jdk8u121/8372/hotspot/src/share/vm/prims/jni.cpp, line 709]

Events (10 events):
Event: 3.170 Thread 0x00007f865d856000 Thread exited: 0x00007f865d856000
Event: 3.170 loading class sun/awt/image/ShortComponentRaster done
Event: 3.171 loading class com/sun/imageio/plugins/common/ReaderUtil
Event: 3.171 loading class com/sun/imageio/plugins/common/ReaderUtil done
Event: 3.203 loading class javax/imageio/IIOImage
Event: 3.203 loading class javax/imageio/IIOImage done
Event: 3.236 loading class java/lang/StrictMath
Event: 3.236 loading class java/lang/StrictMath done
Event: 3.236 loading class com/sun/jna/Native$Buffers
Event: 3.236 loading class com/sun/jna/Native$Buffers done


Dynamic libraries:
0x000000000e17c000 	/System/Library/Frameworks/Cocoa.framework/Versions/A/Cocoa
0x000000000e17c000 	/System/Library/Frameworks/Security.framework/Versions/A/Security
0x000000000e17c000 	/System/Library/Frameworks/ApplicationServices.framework/Versions/A/ApplicationServices
0x000000000e17c000 	/usr/lib/libz.1.dylib
0x000000000e17c000 	/usr/lib/libSystem.B.dylib
0x000000000e17c000 	/usr/lib/libobjc.A.dylib
0x000000000e17c000 	/System/Library/Frameworks/CoreFoundation.framework/Versions/A/CoreFoundation
0x000000000e17c000 	/System/Library/Frameworks/Foundation.framework/Versions/C/Foundation
0x000000000e17c000 	/System/Library/Frameworks/AppKit.framework/Versions/C/AppKit
0x000000000e17c000 	/System/Library/Frameworks/CoreData.framework/Versions/A/CoreData
0x000000000e17c000 	/System/Library/PrivateFrameworks/UIFoundation.framework/Versions/A/UIFoundation
0x000000000e17c000 	/System/Library/PrivateFrameworks/RemoteViewServices.framework/Versions/A/RemoteViewServices
0x000000000e17c000 	/System/Library/PrivateFrameworks/XCTTargetBootstrap.framework/Versions/A/XCTTargetBootstrap
0x000000000e17c000 	/System/Library/Frameworks/CoreDisplay.framework/Versions/A/CoreDisplay
0x000000000e17c000 	/System/Library/Frameworks/Metal.framework/Versions/A/Metal
0x000000000e17c000 	/System/Library/PrivateFrameworks/DesktopServicesPriv.framework/Versions/A/DesktopServicesPriv
0x000000000e17c000 	/usr/lib/liblangid.dylib
0x000000000e17c000 	/System/Library/PrivateFrameworks/CoreSVG.framework/Versions/A/CoreSVG
0x000000000e17c000 	/System/Library/PrivateFrameworks/SkyLight.framework/Versions/A/SkyLight
0x000000000e17c000 	/System/Library/Frameworks/CoreGraphics.framework/Versions/A/CoreGraphics
0x000000000e17c000 	/System/Library/Frameworks/Accelerate.framework/Versions/A/Accelerate
0x000000000e17c000 	/usr/lib/libxml2.2.dylib
0x000000000e17c000 	/System/Library/PrivateFrameworks/IconServices.framework/Versions/A/IconServices
0x000000000e17c000 	/System/Library/Frameworks/IOSurface.framework/Versions/A/IOSurface
0x000000000e17c000 	/usr/lib/libDiagnosticMessagesClient.dylib
0x000000000e17c000 	/System/Library/PrivateFrameworks/DFRFoundation.framework/Versions/A/DFRFoundation
0x000000000e17c000 	/usr/lib/libicucore.A.dylib
0x000000000e17c000 	/System/Library/Frameworks/AudioToolbox.framework/Versions/A/AudioToolbox
0x000000000e17c000 	/System/Library/Frameworks/AudioUnit.framework/Versions/A/AudioUnit
0x000000000e17c000 	/usr/lib/libauto.dylib
0x000000000e17c000 	/System/Library/PrivateFrameworks/DataDetectorsCore.framework/Versions/A/DataDetectorsCore
0x000000000e17c000 	/System/Library/Frameworks/Carbon.framework/Versions/A/Frameworks/HIToolbox.framework/Versions/A/HIToolbox
0x000000000e17c000 	/System/Library/Frameworks/QuartzCore.framework/Versions/A/QuartzCore
0x000000000e17c000 	/System/Library/Frameworks/Carbon.framework/Versions/A/Frameworks/SpeechRecognition.framework/Versions/A/SpeechRecognition
0x000000000e17c000 	/System/Library/PrivateFrameworks/CoreUI.framework/Versions/A/CoreUI
0x000000000e17c000 	/System/Library/Frameworks/CoreAudio.framework/Versions/A/CoreAudio
0x000000000e17c000 	/System/Library/Frameworks/DiskArbitration.framework/Versions/A/DiskArbitration
0x000000000e17c000 	/System/Library/PrivateFrameworks/MultitouchSupport.framework/Versions/A/MultitouchSupport
0x000000000e17c000 	/usr/lib/libenergytrace.dylib
0x000000000e17c000 	/System/Library/Frameworks/IOKit.framework/Versions/A/IOKit
0x000000000e17c000 	/System/Library/Frameworks/CoreServices.framework/Versions/A/CoreServices
0x000000000e17c000 	/System/Library/PrivateFrameworks/PerformanceAnalysis.framework/Versions/A/PerformanceAnalysis
0x000000000e17c000 	/System/Library/Frameworks/OpenGL.framework/Versions/A/OpenGL
0x000000000e17c000 	/System/Library/Frameworks/ColorSync.framework/Versions/A/ColorSync
0x000000000e17c000 	/System/Library/Frameworks/CoreImage.framework/Versions/A/CoreImage
0x000000000e17c000 	/System/Library/Frameworks/CoreText.framework/Versions/A/CoreText
0x000000000e17c000 	/System/Library/Frameworks/ImageIO.framework/Versions/A/ImageIO
0x000000000e17c000 	/usr/lib/libc++.1.dylib
0x000000000e17c000 	/usr/lib/libcompression.dylib
0x000000000e17c000 	/usr/lib/libMobileGestalt.dylib
0x000000000e17c000 	/System/Library/PrivateFrameworks/TextureIO.framework/Versions/A/TextureIO
0x000000000e17c000 	/usr/lib/libate.dylib
0x000000000e17c000 	/System/Library/PrivateFrameworks/InternationalSupport.framework/Versions/A/InternationalSupport
0x000000000e17c000 	/usr/lib/system/libcache.dylib
0x000000000e17c000 	/usr/lib/system/libcommonCrypto.dylib
0x000000000e17c000 	/usr/lib/system/libcompiler_rt.dylib
0x000000000e17c000 	/usr/lib/system/libcopyfile.dylib
0x000000000e17c000 	/usr/lib/system/libcorecrypto.dylib
0x000000000e17c000 	/usr/lib/system/libdispatch.dylib
0x000000000e17c000 	/usr/lib/system/libdyld.dylib
0x000000000e17c000 	/usr/lib/system/libkeymgr.dylib
0x000000000e17c000 	/usr/lib/system/liblaunch.dylib
0x000000000e17c000 	/usr/lib/system/libmacho.dylib
0x000000000e17c000 	/usr/lib/system/libquarantine.dylib
0x000000000e17c000 	/usr/lib/system/libremovefile.dylib
0x000000000e17c000 	/usr/lib/system/libsystem_asl.dylib
0x000000000e17c000 	/usr/lib/system/libsystem_blocks.dylib
0x000000000e17c000 	/usr/lib/system/libsystem_c.dylib
0x000000000e17c000 	/usr/lib/system/libsystem_configuration.dylib
0x000000000e17c000 	/usr/lib/system/libsystem_coreservices.dylib
0x000000000e17c000 	/usr/lib/system/libsystem_darwin.dylib
0x000000000e17c000 	/usr/lib/system/libsystem_dnssd.dylib
0x000000000e17c000 	/usr/lib/system/libsystem_featureflags.dylib
0x000000000e17c000 	/usr/lib/system/libsystem_info.dylib
0x000000000e17c000 	/usr/lib/system/libsystem_m.dylib
0x000000000e17c000 	/usr/lib/system/libsystem_malloc.dylib
0x000000000e17c000 	/usr/lib/system/libsystem_networkextension.dylib
0x000000000e17c000 	/usr/lib/system/libsystem_notify.dylib
0x000000000e17c000 	/usr/lib/system/libsystem_sandbox.dylib
0x000000000e17c000 	/usr/lib/system/libsystem_secinit.dylib
0x000000000e17c000 	/usr/lib/system/libsystem_kernel.dylib
0x000000000e17c000 	/usr/lib/system/libsystem_platform.dylib
0x000000000e17c000 	/usr/lib/system/libsystem_pthread.dylib
0x000000000e17c000 	/usr/lib/system/libsystem_symptoms.dylib
0x000000000e17c000 	/usr/lib/system/libsystem_trace.dylib
0x000000000e17c000 	/usr/lib/system/libunwind.dylib
0x000000000e17c000 	/usr/lib/system/libxpc.dylib
0x000000000e17c000 	/usr/lib/libc++abi.dylib
0x000000000e17c000 	/usr/lib/liblzma.5.dylib
0x000000000e17c000 	/usr/lib/libfakelink.dylib
0x000000000e17c000 	/usr/lib/libarchive.2.dylib
0x000000000e17c000 	/System/Library/Frameworks/SystemConfiguration.framework/Versions/A/SystemConfiguration
0x000000000e17c000 	/usr/lib/libCRFSuite.dylib
0x000000000e17c000 	/System/Library/Frameworks/CFNetwork.framework/Versions/A/CFNetwork
0x000000000e17c000 	/usr/lib/libbsm.0.dylib
0x000000000e17c000 	/usr/lib/system/libkxld.dylib
0x000000000e17c000 	/System/Library/PrivateFrameworks/AppleFSCompression.framework/Versions/A/AppleFSCompression
0x000000000e17c000 	/usr/lib/libcoretls.dylib
0x000000000e17c000 	/usr/lib/libcoretls_cfhelpers.dylib
0x000000000e17c000 	/usr/lib/libpam.2.dylib
0x000000000e17c000 	/usr/lib/libsqlite3.dylib
0x000000000e17c000 	/usr/lib/libxar.1.dylib
0x000000000e17c000 	/usr/lib/libbz2.1.0.dylib
0x000000000e17c000 	/usr/lib/libiconv.2.dylib
0x000000000e17c000 	/usr/lib/libcharset.1.dylib
0x000000000e17c000 	/usr/lib/libnetwork.dylib
0x000000000e17c000 	/usr/lib/libpcap.A.dylib
0x000000000e17c000 	/usr/lib/libapple_nghttp2.dylib
0x000000000e17c000 	/System/Library/Frameworks/CoreServices.framework/Versions/A/Frameworks/FSEvents.framework/Versions/A/FSEvents
0x000000000e17c000 	/System/Library/Frameworks/CoreServices.framework/Versions/A/Frameworks/CarbonCore.framework/Versions/A/CarbonCore
0x000000000e17c000 	/System/Library/Frameworks/CoreServices.framework/Versions/A/Frameworks/Metadata.framework/Versions/A/Metadata
0x000000000e17c000 	/System/Library/Frameworks/CoreServices.framework/Versions/A/Frameworks/OSServices.framework/Versions/A/OSServices
0x000000000e17c000 	/System/Library/Frameworks/CoreServices.framework/Versions/A/Frameworks/SearchKit.framework/Versions/A/SearchKit
0x000000000e17c000 	/System/Library/Frameworks/CoreServices.framework/Versions/A/Frameworks/AE.framework/Versions/A/AE
0x000000000e17c000 	/System/Library/Frameworks/CoreServices.framework/Versions/A/Frameworks/LaunchServices.framework/Versions/A/LaunchServices
0x000000000e17c000 	/System/Library/Frameworks/CoreServices.framework/Versions/A/Frameworks/DictionaryServices.framework/Versions/A/DictionaryServices
0x000000000e17c000 	/System/Library/Frameworks/CoreServices.framework/Versions/A/Frameworks/SharedFileList.framework/Versions/A/SharedFileList
0x000000000e17c000 	/System/Library/Frameworks/NetFS.framework/Versions/A/NetFS
0x000000000e17c000 	/System/Library/PrivateFrameworks/NetAuth.framework/Versions/A/NetAuth
0x000000000e17c000 	/System/Library/PrivateFrameworks/login.framework/Versions/A/Frameworks/loginsupport.framework/Versions/A/loginsupport
0x000000000e17c000 	/System/Library/PrivateFrameworks/TCC.framework/Versions/A/TCC
0x000000000e17c000 	/System/Library/PrivateFrameworks/CoreNLP.framework/Versions/A/CoreNLP
0x000000000e17c000 	/System/Library/PrivateFrameworks/MetadataUtilities.framework/Versions/A/MetadataUtilities
0x000000000e17c000 	/usr/lib/libmecabra.dylib
0x000000000e17c000 	/usr/lib/libmecab.dylib
0x000000000e17c000 	/usr/lib/libgermantok.dylib
0x000000000e17c000 	/usr/lib/libThaiTokenizer.dylib
0x000000000e17c000 	/usr/lib/libChineseTokenizer.dylib
0x000000000e17c000 	/System/Library/Frameworks/Accelerate.framework/Versions/A/Frameworks/vImage.framework/Versions/A/vImage
0x000000000e17c000 	/System/Library/Frameworks/Accelerate.framework/Versions/A/Frameworks/vecLib.framework/Versions/A/vecLib
0x000000000e17c000 	/System/Library/Frameworks/Accelerate.framework/Versions/A/Frameworks/vecLib.framework/Versions/A/libvMisc.dylib
0x000000000e17c000 	/System/Library/Frameworks/Accelerate.framework/Versions/A/Frameworks/vecLib.framework/Versions/A/libvDSP.dylib
0x000000000e17c000 	/System/Library/Frameworks/Accelerate.framework/Versions/A/Frameworks/vecLib.framework/Versions/A/libBLAS.dylib
0x000000000e17c000 	/System/Library/Frameworks/Accelerate.framework/Versions/A/Frameworks/vecLib.framework/Versions/A/libLAPACK.dylib
0x000000000e17c000 	/System/Library/Frameworks/Accelerate.framework/Versions/A/Frameworks/vecLib.framework/Versions/A/libLinearAlgebra.dylib
0x000000000e17c000 	/System/Library/Frameworks/Accelerate.framework/Versions/A/Frameworks/vecLib.framework/Versions/A/libSparseBLAS.dylib
0x000000000e17c000 	/System/Library/Frameworks/Accelerate.framework/Versions/A/Frameworks/vecLib.framework/Versions/A/libQuadrature.dylib
0x000000000e17c000 	/System/Library/Frameworks/Accelerate.framework/Versions/A/Frameworks/vecLib.framework/Versions/A/libBNNS.dylib
0x000000000e17c000 	/System/Library/Frameworks/Accelerate.framework/Versions/A/Frameworks/vecLib.framework/Versions/A/libSparse.dylib
0x000000000e17c000 	/System/Library/PrivateFrameworks/LanguageModeling.framework/Versions/A/LanguageModeling
0x000000000e17c000 	/System/Library/PrivateFrameworks/CoreEmoji.framework/Versions/A/CoreEmoji
0x000000000e17c000 	/System/Library/PrivateFrameworks/LinguisticData.framework/Versions/A/LinguisticData
0x000000000e17c000 	/System/Library/PrivateFrameworks/Lexicon.framework/Versions/A/Lexicon
0x000000000e17c000 	/usr/lib/libcmph.dylib
0x000000000e17c000 	/System/Library/Frameworks/OpenDirectory.framework/Versions/A/Frameworks/CFOpenDirectory.framework/Versions/A/CFOpenDirectory
0x000000000e17c000 	/System/Library/Frameworks/OpenDirectory.framework/Versions/A/OpenDirectory
0x000000000e17c000 	/System/Library/PrivateFrameworks/APFS.framework/Versions/A/APFS
0x000000000e17c000 	/System/Library/Frameworks/SecurityFoundation.framework/Versions/A/SecurityFoundation
0x000000000e17c000 	/usr/lib/libutil.dylib
0x000000000e17c000 	/System/Library/PrivateFrameworks/CoreServicesStore.framework/Versions/A/CoreServicesStore
0x000000000e17c000 	/System/Library/Frameworks/ServiceManagement.framework/Versions/A/ServiceManagement
0x000000000e17c000 	/System/Library/PrivateFrameworks/BackgroundTaskManagement.framework/Versions/A/BackgroundTaskManagement
0x000000000e17c000 	/usr/lib/libxslt.1.dylib
0x000000000e17c000 	/System/Library/PrivateFrameworks/AppleSystemInfo.framework/Versions/A/AppleSystemInfo
0x000000000e17c000 	/System/Library/Frameworks/ImageIO.framework/Versions/A/Resources/libJPEG.dylib
0x000000000e17c000 	/System/Library/Frameworks/ImageIO.framework/Versions/A/Resources/libTIFF.dylib
0x000000000e17c000 	/System/Library/Frameworks/ImageIO.framework/Versions/A/Resources/libPng.dylib
0x000000000e17c000 	/System/Library/Frameworks/ImageIO.framework/Versions/A/Resources/libGIF.dylib
0x000000000e17c000 	/System/Library/Frameworks/ImageIO.framework/Versions/A/Resources/libJP2.dylib
0x000000000e17c000 	/System/Library/Frameworks/ImageIO.framework/Versions/A/Resources/libRadiance.dylib
0x000000000e17c000 	/usr/lib/libexpat.1.dylib
0x000000000e17c000 	/System/Library/PrivateFrameworks/AppleJPEG.framework/Versions/A/AppleJPEG
0x000000000e17c000 	/System/Library/PrivateFrameworks/FontServices.framework/libFontParser.dylib
0x000000000e17c000 	/System/Library/PrivateFrameworks/WatchdogClient.framework/Versions/A/WatchdogClient
0x000000000e17c000 	/System/Library/PrivateFrameworks/IOAccelerator.framework/Versions/A/IOAccelerator
0x000000000e17c000 	/System/Library/Frameworks/MetalPerformanceShaders.framework/Versions/A/MetalPerformanceShaders
0x000000000e17c000 	/System/Library/PrivateFrameworks/GPUWrangler.framework/Versions/A/GPUWrangler
0x000000000e17c000 	/System/Library/PrivateFrameworks/IOPresentment.framework/Versions/A/IOPresentment
0x000000000e17c000 	/System/Library/PrivateFrameworks/DSExternalDisplay.framework/Versions/A/DSExternalDisplay
0x000000000e17c000 	/System/Library/Frameworks/OpenGL.framework/Versions/A/Libraries/libCoreFSCache.dylib
0x000000000e17c000 	/System/Library/Frameworks/MetalPerformanceShaders.framework/Frameworks/MPSCore.framework/Versions/A/MPSCore
0x000000000e17c000 	/System/Library/Frameworks/MetalPerformanceShaders.framework/Frameworks/MPSImage.framework/Versions/A/MPSImage
0x000000000e17c000 	/System/Library/Frameworks/MetalPerformanceShaders.framework/Frameworks/MPSNeuralNetwork.framework/Versions/A/MPSNeuralNetwork
0x000000000e17c000 	/System/Library/Frameworks/MetalPerformanceShaders.framework/Frameworks/MPSMatrix.framework/Versions/A/MPSMatrix
0x000000000e17c000 	/System/Library/Frameworks/MetalPerformanceShaders.framework/Frameworks/MPSRayIntersector.framework/Versions/A/MPSRayIntersector
0x000000000e17c000 	/System/Library/Frameworks/MetalPerformanceShaders.framework/Frameworks/MPSNDArray.framework/Versions/A/MPSNDArray
0x000000000e17c000 	/System/Library/PrivateFrameworks/MetalTools.framework/Versions/A/MetalTools
0x000000000e17c000 	/System/Library/PrivateFrameworks/AggregateDictionary.framework/Versions/A/AggregateDictionary
0x000000000e17c000 	/System/Library/PrivateFrameworks/CoreAnalytics.framework/Versions/A/CoreAnalytics
0x000000000e17c000 	/System/Library/PrivateFrameworks/AppleSauce.framework/Versions/A/AppleSauce
0x000000000e17c000 	/usr/lib/libIOReport.dylib
0x000000000e17c000 	/System/Library/Frameworks/CoreVideo.framework/Versions/A/CoreVideo
0x000000000e17c000 	/System/Library/PrivateFrameworks/GraphVisualizer.framework/Versions/A/GraphVisualizer
0x000000000e17c000 	/System/Library/PrivateFrameworks/FaceCore.framework/Versions/A/FaceCore
0x000000000e17c000 	/System/Library/Frameworks/OpenCL.framework/Versions/A/OpenCL
0x000000000e17c000 	/usr/lib/libFosl_dynamic.dylib
0x000000000e17c000 	/System/Library/PrivateFrameworks/OTSVG.framework/Versions/A/OTSVG
0x000000000e17c000 	/System/Library/Frameworks/ApplicationServices.framework/Versions/A/Frameworks/ATS.framework/Versions/A/Resources/libFontRegistry.dylib
0x000000000e17c000 	/System/Library/PrivateFrameworks/FontServices.framework/libhvf.dylib
0x000000000e17c000 	/System/Library/Frameworks/OpenGL.framework/Versions/A/Libraries/libGFXShared.dylib
0x000000000e17c000 	/System/Library/Frameworks/OpenGL.framework/Versions/A/Libraries/libGLU.dylib
0x000000000e17c000 	/System/Library/Frameworks/OpenGL.framework/Versions/A/Libraries/libGL.dylib
0x000000000e17c000 	/System/Library/Frameworks/OpenGL.framework/Versions/A/Libraries/libGLImage.dylib
0x000000000e17c000 	/System/Library/Frameworks/OpenGL.framework/Versions/A/Libraries/libCVMSPluginSupport.dylib
0x000000000e17c000 	/System/Library/Frameworks/OpenGL.framework/Versions/A/Libraries/libCoreVMClient.dylib
0x000000000e17c000 	/usr/lib/libncurses.5.4.dylib
0x000000000e17c000 	/System/Library/Frameworks/ApplicationServices.framework/Versions/A/Frameworks/ATS.framework/Versions/A/ATS
0x000000000e17c000 	/System/Library/Frameworks/ApplicationServices.framework/Versions/A/Frameworks/ColorSyncLegacy.framework/Versions/A/ColorSyncLegacy
0x000000000e17c000 	/System/Library/Frameworks/ApplicationServices.framework/Versions/A/Frameworks/HIServices.framework/Versions/A/HIServices
0x000000000e17c000 	/System/Library/Frameworks/ApplicationServices.framework/Versions/A/Frameworks/LangAnalysis.framework/Versions/A/LangAnalysis
0x000000000e17c000 	/System/Library/Frameworks/ApplicationServices.framework/Versions/A/Frameworks/PrintCore.framework/Versions/A/PrintCore
0x000000000e17c000 	/System/Library/Frameworks/ApplicationServices.framework/Versions/A/Frameworks/QD.framework/Versions/A/QD
0x000000000e17c000 	/System/Library/Frameworks/ApplicationServices.framework/Versions/A/Frameworks/SpeechSynthesis.framework/Versions/A/SpeechSynthesis
0x000000000e17c000 	/System/Library/Frameworks/ApplicationServices.framework/Versions/A/Frameworks/ATSUI.framework/Versions/A/ATSUI
0x000000000e17c000 	/usr/lib/libcups.2.dylib
0x000000000e17c000 	/System/Library/Frameworks/Kerberos.framework/Versions/A/Kerberos
0x000000000e17c000 	/System/Library/Frameworks/GSS.framework/Versions/A/GSS
0x000000000e17c000 	/usr/lib/libresolv.9.dylib
0x000000000e17c000 	/System/Library/PrivateFrameworks/Heimdal.framework/Versions/A/Heimdal
0x000000000e17c000 	/System/Library/Frameworks/Kerberos.framework/Versions/A/Libraries/libHeimdalProxy.dylib
0x000000000e17c000 	/usr/lib/libheimdal-asn1.dylib
0x000000000e17c000 	/System/Library/PrivateFrameworks/CommonAuth.framework/Versions/A/CommonAuth
0x000000000e17c000 	/System/Library/PrivateFrameworks/AssertionServices.framework/Versions/A/AssertionServices
0x000000000e17c000 	/System/Library/PrivateFrameworks/AudioToolboxCore.framework/Versions/A/AudioToolboxCore
0x000000000e17c000 	/System/Library/PrivateFrameworks/caulk.framework/Versions/A/caulk
0x000000000e17c000 	/System/Library/PrivateFrameworks/BaseBoard.framework/Versions/A/BaseBoard
0x000000000e17c000 	/System/Library/PrivateFrameworks/RunningBoardServices.framework/Versions/A/RunningBoardServices
0x000000000e17c000 	/System/Library/PrivateFrameworks/PersistentConnection.framework/Versions/A/PersistentConnection
0x000000000e17c000 	/System/Library/PrivateFrameworks/ProtocolBuffer.framework/Versions/A/ProtocolBuffer
0x000000000e17c000 	/System/Library/PrivateFrameworks/CommonUtilities.framework/Versions/A/CommonUtilities
0x000000000e17c000 	/System/Library/PrivateFrameworks/Bom.framework/Versions/A/Bom
0x000000000e17c000 	/usr/lib/libAudioToolboxUtility.dylib
0x000000000e17c000 	/System/Library/PrivateFrameworks/Backup.framework/Versions/A/Backup
0x000000000e17c000 	/System/Library/PrivateFrameworks/CrashReporterSupport.framework/Versions/A/CrashReporterSupport
0x000000000e17c000 	/System/Library/PrivateFrameworks/Sharing.framework/Versions/A/Sharing
0x000000000e17c000 	/System/Library/PrivateFrameworks/Apple80211.framework/Versions/A/Apple80211
0x000000000e17c000 	/System/Library/PrivateFrameworks/AuthKit.framework/Versions/A/AuthKit
0x000000000e17c000 	/System/Library/PrivateFrameworks/CoreUtils.framework/Versions/A/CoreUtils
0x000000000e17c000 	/System/Library/Frameworks/CoreWLAN.framework/Versions/A/CoreWLAN
0x000000000e17c000 	/System/Library/Frameworks/IOBluetooth.framework/Versions/A/IOBluetooth
0x000000000e17c000 	/System/Library/PrivateFrameworks/MobileKeyBag.framework/Versions/A/MobileKeyBag
0x000000000e17c000 	/System/Library/PrivateFrameworks/CorePhoneNumbers.framework/Versions/A/CorePhoneNumbers
0x000000000e17c000 	/System/Library/PrivateFrameworks/AppleIDAuthSupport.framework/Versions/A/AppleIDAuthSupport
0x000000000e17c000 	/System/Library/Frameworks/Network.framework/Versions/A/Network
0x000000000e17c000 	/System/Library/PrivateFrameworks/KeychainCircle.framework/Versions/A/KeychainCircle
0x000000000e17c000 	/System/Library/Frameworks/CoreBluetooth.framework/Versions/A/CoreBluetooth
0x000000000e17c000 	/System/Library/PrivateFrameworks/SpeechRecognitionCore.framework/Versions/A/SpeechRecognitionCore
0x0000000102a00000 	/Library/Java/JavaVirtualMachines/jdk1.8.0_121.jdk/Contents/Home/jre/lib/server/libjvm.dylib
0x000000000e17c000 	/usr/lib/libstdc++.6.dylib
0x00000001018e0000 	/Library/Java/JavaVirtualMachines/jdk1.8.0_121.jdk/Contents/Home/jre/lib/libverify.dylib
0x00000001018ee000 	/Library/Java/JavaVirtualMachines/jdk1.8.0_121.jdk/Contents/Home/jre/lib/libjava.dylib
0x0000000101924000 	/Library/Java/JavaVirtualMachines/jdk1.8.0_121.jdk/Contents/Home/jre/lib/libinstrument.dylib
0x00000001019c2000 	/Library/Java/JavaVirtualMachines/jdk1.8.0_121.jdk/Contents/Home/jre/lib/libzip.dylib
0x000000000e17c000 	/System/Library/Frameworks/JavaVM.framework/Versions/A/Frameworks/JavaRuntimeSupport.framework/Versions/A/JavaRuntimeSupport
0x000000000e17c000 	/System/Library/Frameworks/JavaVM.framework/Versions/A/Frameworks/JavaNativeFoundation.framework/Versions/A/JavaNativeFoundation
0x000000000e17c000 	/System/Library/Frameworks/JavaVM.framework/Versions/A/JavaVM
0x000000000e17c000 	/System/Library/Frameworks/Carbon.framework/Versions/A/Carbon
0x000000000e17c000 	/System/Library/PrivateFrameworks/CoreSymbolication.framework/Versions/A/CoreSymbolication
0x000000000e17c000 	/System/Library/PrivateFrameworks/JavaLaunching.framework/Versions/A/JavaLaunching
0x000000000e17c000 	/System/Library/Frameworks/Carbon.framework/Versions/A/Frameworks/CommonPanels.framework/Versions/A/CommonPanels
0x000000000e17c000 	/System/Library/Frameworks/Carbon.framework/Versions/A/Frameworks/Help.framework/Versions/A/Help
0x000000000e17c000 	/System/Library/Frameworks/Carbon.framework/Versions/A/Frameworks/ImageCapture.framework/Versions/A/ImageCapture
0x000000000e17c000 	/System/Library/Frameworks/Carbon.framework/Versions/A/Frameworks/OpenScripting.framework/Versions/A/OpenScripting
0x000000000e17c000 	/System/Library/Frameworks/Carbon.framework/Versions/A/Frameworks/Ink.framework/Versions/A/Ink
0x000000000e17c000 	/System/Library/Frameworks/Carbon.framework/Versions/A/Frameworks/Print.framework/Versions/A/Print
0x000000000e17c000 	/System/Library/Frameworks/Carbon.framework/Versions/A/Frameworks/SecurityHI.framework/Versions/A/SecurityHI
0x000000000e17c000 	/System/Library/PrivateFrameworks/DebugSymbols.framework/Versions/A/DebugSymbols
0x000000012099b000 	/Library/Java/JavaVirtualMachines/jdk1.8.0_121.jdk/Contents/Home/jre/lib/libnet.dylib
0x00000001209fa000 	/Library/Java/JavaVirtualMachines/jdk1.8.0_121.jdk/Contents/Home/jre/lib/libmanagement.dylib
0x0000000120a08000 	/Library/Java/JavaVirtualMachines/jdk1.8.0_121.jdk/Contents/Home/jre/lib/libnio.dylib
0x0000000121ccc000 	/Library/Java/JavaVirtualMachines/jdk1.8.0_121.jdk/Contents/Home/jre/lib/libawt.dylib
0x0000000121d74000 	/Library/Java/JavaVirtualMachines/jdk1.8.0_121.jdk/Contents/Home/jre/lib/libmlib_image.dylib
0x0000000121e40000 	/Library/Java/JavaVirtualMachines/jdk1.8.0_121.jdk/Contents/Home/jre/lib/libawt_lwawt.dylib
0x0000000120c60000 	/Library/Java/JavaVirtualMachines/jdk1.8.0_121.jdk/Contents/Home/jre/lib/libosxapp.dylib
0x000000000e17c000 	/System/Library/Frameworks/ExceptionHandling.framework/Versions/A/ExceptionHandling
0x0000000120c7c000 	/Users/oalbader/Library/Caches/JNA/temp/jna3729179876433232934.tmp
0x0000000121ef7000 	/usr/local/Cellar/tesseract/4.1.1/lib/libtesseract.4.dylib
0x0000000122175000 	/usr/local/opt/leptonica/lib/liblept.5.dylib
0x000000000e17c000 	/usr/lib/libcurl.4.dylib
0x0000000122385000 	/usr/local/opt/libpng/lib/libpng16.16.dylib
0x00000001223b1000 	/usr/local/opt/jpeg/lib/libjpeg.9.dylib
0x0000000120c92000 	/usr/local/opt/giflib/lib/libgif.dylib
0x00000001223e7000 	/usr/local/opt/libtiff/lib/libtiff.5.dylib
0x0000000120c9b000 	/usr/local/opt/webp/lib/libwebpmux.3.dylib
0x0000000122454000 	/usr/local/opt/webp/lib/libwebp.7.dylib
0x00000001224b6000 	/usr/local/opt/openjpeg/lib/libopenjp2.7.dylib
0x000000000e17c000 	/usr/lib/libcrypto.44.dylib
0x000000000e17c000 	/usr/lib/libssl.46.dylib
0x000000000e17c000 	/System/Library/Frameworks/LDAP.framework/Versions/A/LDAP
0x000000000e17c000 	/System/Library/PrivateFrameworks/TrustEvaluationAgent.framework/Versions/A/TrustEvaluationAgent
0x000000000e17c000 	/usr/lib/libsasl2.2.dylib
0x000000000e17c000 	/System/Library/PrivateFrameworks/CoreDaemon.framework/Versions/B/CoreDaemon
0x000000000e17c000 	/System/Library/PrivateFrameworks/AppleSRP.framework/Versions/A/AppleSRP

VM Arguments:
jvm_args: -XX:TieredStopAtLevel=1 -Xverify:none -Dspring.output.ansi.enabled=always -Dcom.sun.management.jmxremote -Dspring.jmx.enabled=true -Dspring.liveBeansView.mbeanDomain -Dspring.application.admin.enabled=true -javaagent:/Applications/IntelliJ IDEA.app/Contents/lib/idea_rt.jar=50290:/Applications/IntelliJ IDEA.app/Contents/bin -Dfile.encoding=UTF-8 
java_command: io.oalbader.ocr.OcrApplication
java_class_path (initial): /Library/Java/JavaVirtualMachines/jdk1.8.0_121.jdk/Contents/Home/jre/lib/charsets.jar:/Library/Java/JavaVirtualMachines/jdk1.8.0_121.jdk/Contents/Home/jre/lib/deploy.jar:/Library/Java/JavaVirtualMachines/jdk1.8.0_121.jdk/Contents/Home/jre/lib/ext/cldrdata.jar:/Library/Java/JavaVirtualMachines/jdk1.8.0_121.jdk/Contents/Home/jre/lib/ext/dnsns.jar:/Library/Java/JavaVirtualMachines/jdk1.8.0_121.jdk/Contents/Home/jre/lib/ext/jaccess.jar:/Library/Java/JavaVirtualMachines/jdk1.8.0_121.jdk/Contents/Home/jre/lib/ext/jfxrt.jar:/Library/Java/JavaVirtualMachines/jdk1.8.0_121.jdk/Contents/Home/jre/lib/ext/localedata.jar:/Library/Java/JavaVirtualMachines/jdk1.8.0_121.jdk/Contents/Home/jre/lib/ext/nashorn.jar:/Library/Java/JavaVirtualMachines/jdk1.8.0_121.jdk/Contents/Home/jre/lib/ext/sunec.jar:/Library/Java/JavaVirtualMachines/jdk1.8.0_121.jdk/Contents/Home/jre/lib/ext/sunjce_provider.jar:/Library/Java/JavaVirtualMachines/jdk1.8.0_121.jdk/Contents/Home/jre/lib/ext/sunpkcs11.jar:/Library/Java/JavaVirtualMachines/jdk1.8.0_121.jdk/Contents/Home/jre/lib/ext/zipfs.jar:/Library/Java/JavaVirtualMachines/jdk1.8.0_121.jdk/Contents/Home/jre/lib/javaws.jar:/Library/Java/JavaVirtualMachines/jdk1.8.0_121.jdk/Contents/Home/jre/lib/jce.jar:/Library/Java/JavaVirtualMachines/jdk1.8.0_121.jdk/Contents/Home/jre/lib/jfr.jar:/Library/Java/JavaVirtualMachines/jdk1.8.0_121.jdk/Contents/Home/jre/lib/jfxswt.jar:/Library/Java/JavaVirtualMachines/jdk1.8.0_121.jdk/Contents/Home/jre/lib/jsse.jar:/Library/Java/JavaVirtualMachines/jdk1.8.0_121.jdk/Contents/Home/jre/lib/management-agent.jar:/Library/Java/JavaVirtualMachines/jdk1.8.0_121.jdk/Contents/Home/jre/lib/plugin.jar:/Library/Java/JavaVirtualMachines/jdk1.8.0_121.jdk/Contents/Home/jre/lib/resources.jar:/Library/Java/JavaVirtualMachines/jdk1.8.0_121.jdk/Contents/Home/jre/lib/rt.jar:/Library/Java/JavaVirtualMachines/jdk1.8.0_121.jdk/Contents/Home/lib/ant-javafx.jar:/Library/Java/JavaVirtualMachines/jdk1.8.0_121.jdk/Contents/Home
Launcher Type: SUN_STANDARD

Environment Variables:
PATH=/usr/local/opt/icu4c/sbin:/usr/local/opt/icu4c/bin:/usr/local/opt/postgresql@9.5/bin:/usr/local/bin:/usr/bin:/bin:/usr/sbin:/sbin:/usr/local/Cellar/node/11.4.0/bin/lessc:/Applications/Wireshark.app/Contents/MacOS
SHELL=/bin/zsh

Signal Handlers:
SIGSEGV: [libjvm.dylib+0x5b1141], sa_mask[0]=11111111011111110111111111111111, sa_flags=SA_ONSTACK|SA_RESTART|SA_SIGINFO
SIGBUS: [libjvm.dylib+0x5b1141], sa_mask[0]=11111111011111110111111111111111, sa_flags=SA_RESTART|SA_SIGINFO
SIGFPE: [libjvm.dylib+0x487bc4], sa_mask[0]=11111111011111110111111111111111, sa_flags=SA_RESTART|SA_SIGINFO
SIGPIPE: [libjvm.dylib+0x487bc4], sa_mask[0]=11111111011111110111111111111111, sa_flags=SA_RESTART|SA_SIGINFO
SIGXFSZ: [libjvm.dylib+0x487bc4], sa_mask[0]=11111111011111110111111111111111, sa_flags=SA_RESTART|SA_SIGINFO
SIGILL: [libjvm.dylib+0x487bc4], sa_mask[0]=11111111011111110111111111111111, sa_flags=SA_RESTART|SA_SIGINFO
SIGUSR1: SIG_DFL, sa_mask[0]=00000000000000000000000000000000, sa_flags=none
SIGUSR2: [libjvm.dylib+0x4876e2], sa_mask[0]=00100000000000000000000000000000, sa_flags=SA_RESTART|SA_SIGINFO
SIGHUP: [libjvm.dylib+0x485cb9], sa_mask[0]=11111111011111110111111111111111, sa_flags=SA_RESTART|SA_SIGINFO
SIGINT: [libjvm.dylib+0x485cb9], sa_mask[0]=11111111011111110111111111111111, sa_flags=SA_RESTART|SA_SIGINFO
SIGTERM: [libjvm.dylib+0x485cb9], sa_mask[0]=11111111011111110111111111111111, sa_flags=SA_RESTART|SA_SIGINFO
SIGQUIT: [libjvm.dylib+0x485cb9], sa_mask[0]=11111111011111110111111111111111, sa_flags=SA_RESTART|SA_SIGINFO


---------------  S Y S T E M  ---------------

OS:Bsduname:Darwin 19.3.0 Darwin Kernel Version 19.3.0: Thu Jan  9 20:58:23 PST 2020; root:xnu-6153.81.5~1/RELEASE_X86_64 x86_64
rlimit: STACK 8192k, CORE 0k, NPROC 2784, NOFILE 10240, AS infinity
load average:3.11 2.67 2.39

CPU:total 8 (4 cores per cpu, 2 threads per core) family 6 model 70 stepping 1, cmov, cx8, fxsr, mmx, sse, sse2, sse3, ssse3, sse4.1, sse4.2, popcnt, avx, avx2, aes, clmul, erms, lzcnt, ht, tsc, tscinvbit, bmi1, bmi2

Memory: 4k page, physical 16777216k(404960k free)

/proc/meminfo:


vm_info: Java HotSpot(TM) 64-Bit Server VM (25.121-b13) for bsd-amd64 JRE (1.8.0_121-b13), built on Dec 12 2016 20:39:32 by "java_re" with gcc 4.2.1 (Based on Apple Inc. build 5658) (LLVM build 2336.11.00)

time: Thu May 21 00:01:08 2020
elapsed time: 3 seconds (0d 0h 0m 3s)

