#
# A fatal error has been detected by the Java Runtime Environment:
#
#  SIGSEGV (0xb) at pc=0x000000012e1c48f8, pid=10288, tid=0x000000000000a503
#
# JRE version: Java(TM) SE Runtime Environment (8.0_121-b13) (build 1.8.0_121-b13)
# Java VM: Java HotSpot(TM) 64-Bit Server VM (25.121-b13 mixed mode bsd-amd64 compressed oops)
# Problematic frame:
# C  [libtesseract.4.dylib+0x1508f8]  STRING::string() const+0x4
#
# Failed to write core dump. Core dumps have been disabled. To enable core dumping, try "ulimit -c unlimited" before starting Java again
#
# If you would like to submit a bug report, please visit:
#   http://bugreport.java.com/bugreport/crash.jsp
# The crash happened outside the Java Virtual Machine in native code.
# See problematic frame for where to report the bug.
#

---------------  T H R E A D  ---------------

Current thread (0x00007fdc021ad800):  JavaThread "restartedMain" [_thread_in_native, id=42243, stack(0x000070000b34a000,0x000070000b44a000)]

siginfo: si_signo: 11 (SIGSEGV), si_code: 1 (SEGV_MAPERR), si_addr: 0x0000000000000000

Registers:
RAX=0x000070000b447401, RBX=0x000000012e674000, RCX=0x0000000000000000, RDX=0xffffffffffffffd0
RSP=0x000070000b4474b0, RBP=0x000070000b4474b0, RSI=0x0000000000000000, RDI=0x0000000000000000
R8 =0x0000000000000638, R9 =0x00000000000018d8, R10=0x0000000000000003, R11=0x0000000000000007
R12=0x00007fdbffd76170, R13=0x000000012ce06464, R14=0x0000000000000000, R15=0x00007fdbffd76170
RIP=0x000000012e1c48f8, EFLAGS=0x0000000000010202, ERR=0x0000000000000004
  TRAPNO=0x000000000000000e

Top of Stack: (sp=0x000070000b4474b0)
0x000070000b4474b0:   000070000b447fc0 000000012e078032
0x000070000b4474c0:   0000000000000000 0000000065a258a4
0x000070000b4474d0:   000070000b447520 00007fdc021ad800
0x000070000b4474e0:   000070000b447530 0000000000000000
0x000070000b4474f0:   0000000000000000 0000000000000000
0x000070000b447500:   0000000000000000 0000000000000000
0x000070000b447510:   0000000000000000 0000000000000000
0x000070000b447520:   0000000000000000 0000000000000000
0x000070000b447530:   0000000000000000 0000000000000000
0x000070000b447540:   0000000000000000 0000000000000000
0x000070000b447550:   0000000000000000 0000000000000000
0x000070000b447560:   0000000000000000 0000000000000000
0x000070000b447570:   0000000000000000 0000000000000000
0x000070000b447580:   0000000000000000 0000000000000000
0x000070000b447590:   0000000000000000 0000000000000000
0x000070000b4475a0:   0000000000000000 0000000000000000
0x000070000b4475b0:   0000000000000000 0000000000000000
0x000070000b4475c0:   0000000000000000 0000000000000000
0x000070000b4475d0:   0000000000000000 0000000000000000
0x000070000b4475e0:   0000000000000000 0000000000000000
0x000070000b4475f0:   0000000000000000 0000000000000000
0x000070000b447600:   0000000000000000 0000000000000000
0x000070000b447610:   0000000000000000 0000000000000000
0x000070000b447620:   0000000000000000 0000000000000000
0x000070000b447630:   0000000000000000 0000000000000000
0x000070000b447640:   0000000000000000 0000000000000000
0x000070000b447650:   0000000000000000 0000000000000000
0x000070000b447660:   0000000000000000 0000000000000000
0x000070000b447670:   0000000000000000 0000000000000000
0x000070000b447680:   0000000000000000 0000000000000000
0x000070000b447690:   0000000000000000 0000000000000000
0x000070000b4476a0:   0000000000000000 0000000000000000 

Instructions: (pc=0x000000012e1c48f8)
0x000000012e1c48d8:   e5 40 0f be f6 48 8b 3f 48 83 c7 08 e8 1b 25 01
0x000000012e1c48e8:   00 48 85 c0 0f 95 c0 5d c3 31 c0 c3 55 48 89 e5
0x000000012e1c48f8:   48 8b 07 48 85 c0 74 13 83 78 04 00 74 0d c7 40
0x000000012e1c4908:   04 ff ff ff ff 48 83 c0 08 eb 02 31 c0 5d c3 90 

Register to memory mapping:

RAX=0x000070000b447401 is pointing into the stack for thread: 0x00007fdc021ad800
RBX=0x000000012e674000 is an unknown value
RCX=0x0000000000000000 is an unknown value
RDX=0xffffffffffffffd0 is an unknown value
RSP=0x000070000b4474b0 is pointing into the stack for thread: 0x00007fdc021ad800
RBP=0x000070000b4474b0 is pointing into the stack for thread: 0x00007fdc021ad800
RSI=0x0000000000000000 is an unknown value
RDI=0x0000000000000000 is an unknown value
R8 =0x0000000000000638 is an unknown value
R9 =0x00000000000018d8 is an unknown value
R10=0x0000000000000003 is an unknown value
R11=0x0000000000000007 is an unknown value
R12=0x00007fdbffd76170 is an unknown value
R13=0x000000012ce06464: ffi_call+0x414 in /Users/oalbader/Library/Caches/JNA/temp/jna7292422404955360678.tmp at 0x000000012cdf9000
R14=0x0000000000000000 is an unknown value
R15=0x00007fdbffd76170 is an unknown value


Stack: [0x000070000b34a000,0x000070000b44a000],  sp=0x000070000b4474b0,  free space=1013k
Native frames: (J=compiled Java code, j=interpreted, Vv=VM code, C=native code)
C  [libtesseract.4.dylib+0x1508f8]  STRING::string() const+0x4
C  [libtesseract.4.dylib+0x4032]  tesseract::TessBaseAPI::FindLines()+0x166
C  [libtesseract.4.dylib+0x42f7]  tesseract::TessBaseAPI::Recognize(ETEXT_DESC*)+0x29
C  [libtesseract.4.dylib+0x35e5]  tesseract::TessBaseAPI::GetUTF8Text()+0x2b
C  [jna7292422404955360678.tmp+0xde74]  ffi_call_unix64+0x4c
C  0x000070000b448a78

Java frames: (J=compiled Java code, j=interpreted, Vv=VM code)
j  com.sun.jna.Native.invokePointer(Lcom/sun/jna/Function;JI[Ljava/lang/Object;)J+0
j  com.sun.jna.Function.invokePointer(I[Ljava/lang/Object;)Lcom/sun/jna/Pointer;+7
j  com.sun.jna.Function.invoke([Ljava/lang/Object;Ljava/lang/Class;ZI)Ljava/lang/Object;+385
j  com.sun.jna.Function.invoke(Ljava/lang/reflect/Method;[Ljava/lang/Class;Ljava/lang/Class;[Ljava/lang/Object;Ljava/util/Map;)Ljava/lang/Object;+271
j  com.sun.jna.Library$Handler.invoke(Ljava/lang/Object;Ljava/lang/reflect/Method;[Ljava/lang/Object;)Ljava/lang/Object;+390
j  com.sun.proxy.$Proxy59.TessBaseAPIGetUTF8Text(Lnet/sourceforge/tess4j/ITessAPI$TessBaseAPI;)Lcom/sun/jna/Pointer;+16
j  net.sourceforge.tess4j.Tesseract.getOCRText(Ljava/lang/String;I)Ljava/lang/String;+269
j  net.sourceforge.tess4j.Tesseract.doOCR(Ljavax/imageio/IIOImage;Ljava/lang/String;Ljava/awt/Rectangle;I)Ljava/lang/String;+18
j  net.sourceforge.tess4j.Tesseract.doOCR(Ljava/io/File;Ljava/awt/Rectangle;)Ljava/lang/String;+126
j  net.sourceforge.tess4j.Tesseract.doOCR(Ljava/io/File;)Ljava/lang/String;+3
j  io.oalbader.ocr.OcrApplication.main([Ljava/lang/String;)V+49
v  ~StubRoutines::call_stub
j  sun.reflect.NativeMethodAccessorImpl.invoke0(Ljava/lang/reflect/Method;Ljava/lang/Object;[Ljava/lang/Object;)Ljava/lang/Object;+0
j  sun.reflect.NativeMethodAccessorImpl.invoke(Ljava/lang/Object;[Ljava/lang/Object;)Ljava/lang/Object;+100
j  sun.reflect.DelegatingMethodAccessorImpl.invoke(Ljava/lang/Object;[Ljava/lang/Object;)Ljava/lang/Object;+6
j  java.lang.reflect.Method.invoke(Ljava/lang/Object;[Ljava/lang/Object;)Ljava/lang/Object;+56
j  org.springframework.boot.devtools.restart.RestartLauncher.run()V+42
v  ~StubRoutines::call_stub

---------------  P R O C E S S  ---------------

Java Threads: ( => current thread )
  0x00007fdc022f4800 JavaThread "RMI TCP Connection(idle)" daemon [_thread_blocked, id=34307, stack(0x000070000cc95000,0x000070000cd95000)]
  0x00007fdc010ae800 JavaThread "RMI TCP Connection(idle)" daemon [_thread_blocked, id=34827, stack(0x000070000ca8f000,0x000070000cb8f000)]
  0x00007fdbff1ac000 JavaThread "Java2D Disposer" daemon [_thread_blocked, id=34567, stack(0x000070000c98c000,0x000070000ca8c000)]
  0x00007fdc010bb800 JavaThread "AWT-AppKit" daemon [_thread_in_native, id=775, stack(0x00007ffee19d2000,0x00007ffee21d2000)]
  0x00007fdbff1a9000 JavaThread "http-nio-8080-Acceptor" daemon [_thread_in_native, id=35587, stack(0x000070000c889000,0x000070000c989000)]
  0x00007fdc022ee000 JavaThread "http-nio-8080-ClientPoller" daemon [_thread_in_native, id=25859, stack(0x000070000c786000,0x000070000c886000)]
  0x00007fdbff1a8800 JavaThread "http-nio-8080-exec-10" daemon [_thread_blocked, id=25347, stack(0x000070000c683000,0x000070000c783000)]
  0x00007fdbff1a7800 JavaThread "http-nio-8080-exec-9" daemon [_thread_blocked, id=35843, stack(0x000070000c580000,0x000070000c680000)]
  0x00007fdbff1a7000 JavaThread "http-nio-8080-exec-8" daemon [_thread_blocked, id=36355, stack(0x000070000c47d000,0x000070000c57d000)]
  0x00007fdbff1a6000 JavaThread "http-nio-8080-exec-7" daemon [_thread_blocked, id=24835, stack(0x000070000c37a000,0x000070000c47a000)]
  0x00007fdc0004a800 JavaThread "http-nio-8080-exec-6" daemon [_thread_blocked, id=36867, stack(0x000070000c277000,0x000070000c377000)]
  0x00007fdbff19d000 JavaThread "http-nio-8080-exec-5" daemon [_thread_blocked, id=24323, stack(0x000070000c174000,0x000070000c274000)]
  0x00007fdbff1a1800 JavaThread "http-nio-8080-exec-4" daemon [_thread_blocked, id=37635, stack(0x000070000c071000,0x000070000c171000)]
  0x00007fdbfe294000 JavaThread "http-nio-8080-exec-3" daemon [_thread_blocked, id=23811, stack(0x000070000bf6e000,0x000070000c06e000)]
  0x00007fdbfe27f800 JavaThread "http-nio-8080-exec-2" daemon [_thread_blocked, id=38147, stack(0x000070000be6b000,0x000070000bf6b000)]
  0x00007fdbfe27f000 JavaThread "http-nio-8080-exec-1" daemon [_thread_blocked, id=23299, stack(0x000070000bd68000,0x000070000be68000)]
  0x00007fdbfe28a800 JavaThread "http-nio-8080-BlockPoller" daemon [_thread_in_native, id=23043, stack(0x000070000bc65000,0x000070000bd65000)]
  0x00007fdc022b2000 JavaThread "Live Reload Server" daemon [_thread_in_native, id=22791, stack(0x000070000bb62000,0x000070000bc62000)]
  0x00007fdc00b80800 JavaThread "File Watcher" daemon [_thread_blocked, id=39171, stack(0x000070000ba5f000,0x000070000bb5f000)]
  0x00007fdc02278000 JavaThread "container-0" [_thread_blocked, id=22531, stack(0x000070000b95c000,0x000070000ba5c000)]
  0x00007fdc00b77800 JavaThread "Catalina-utility-2" [_thread_blocked, id=39735, stack(0x000070000b859000,0x000070000b959000)]
  0x00007fdc02258000 JavaThread "Catalina-utility-1" [_thread_blocked, id=40235, stack(0x000070000b756000,0x000070000b856000)]
  0x00007fdc02216800 JavaThread "RMI Scheduler(0)" daemon [_thread_blocked, id=40771, stack(0x000070000b653000,0x000070000b753000)]
  0x00007fdc008fb800 JavaThread "RMI TCP Connection(4)-192.168.8.121" daemon [_thread_in_native, id=41279, stack(0x000070000b550000,0x000070000b650000)]
  0x00007fdbfe1c2000 JavaThread "Attach Listener" daemon [_thread_blocked, id=41739, stack(0x000070000b44d000,0x000070000b54d000)]
=>0x00007fdc021ad800 JavaThread "restartedMain" [_thread_in_native, id=42243, stack(0x000070000b34a000,0x000070000b44a000)]
  0x00007fdbfe182000 JavaThread "Thread-1" [_thread_blocked, id=42755, stack(0x000070000b247000,0x000070000b347000)]
  0x00007fdc008df000 JavaThread "RMI TCP Accept-0" daemon [_thread_in_native, id=21763, stack(0x000070000b041000,0x000070000b141000)]
  0x00007fdbff0cd800 JavaThread "Service Thread" daemon [_thread_blocked, id=15363, stack(0x000070000af3e000,0x000070000b03e000)]
  0x00007fdc00021000 JavaThread "C1 CompilerThread3" daemon [_thread_blocked, id=15875, stack(0x000070000ae3b000,0x000070000af3b000)]
  0x00007fdc00020800 JavaThread "C2 CompilerThread2" daemon [_thread_blocked, id=16131, stack(0x000070000ad38000,0x000070000ae38000)]
  0x00007fdc00820800 JavaThread "C2 CompilerThread1" daemon [_thread_blocked, id=16643, stack(0x000070000ac35000,0x000070000ad35000)]
  0x00007fdc0081f800 JavaThread "C2 CompilerThread0" daemon [_thread_blocked, id=14339, stack(0x000070000ab32000,0x000070000ac32000)]
  0x00007fdc0081c800 JavaThread "Monitor Ctrl-Break" daemon [_thread_in_native, id=17155, stack(0x000070000aa2f000,0x000070000ab2f000)]
  0x00007fdc0180b000 JavaThread "Signal Dispatcher" daemon [_thread_blocked, id=14083, stack(0x000070000a92c000,0x000070000aa2c000)]
  0x00007fdc02000000 JavaThread "Finalizer" daemon [_thread_blocked, id=11779, stack(0x000070000a723000,0x000070000a823000)]
  0x00007fdc01800000 JavaThread "Reference Handler" daemon [_thread_blocked, id=19203, stack(0x000070000a620000,0x000070000a720000)]
  0x00007fdbfe006000 JavaThread "main" [_thread_blocked, id=4611, stack(0x0000700009c02000,0x0000700009d02000)]

Other Threads:
  0x00007fdbff048800 VMThread [stack: 0x000070000a51d000,0x000070000a61d000] [id=19715]
  0x00007fdc008df800 WatcherThread [stack: 0x000070000b144000,0x000070000b244000] [id=43011]

VM state:not at safepoint (normal execution)

VM Mutex/Monitor currently owned by a thread: None

Heap:
 PSYoungGen      total 141824K, used 117187K [0x000000076ab00000, 0x000000077c000000, 0x00000007c0000000)
  eden space 131072K, 89% used [0x000000076ab00000,0x0000000771d70d38,0x0000000772b00000)
  from space 10752K, 0% used [0x0000000772b00000,0x0000000772b00000,0x0000000773580000)
  to   space 10752K, 0% used [0x000000077b580000,0x000000077b580000,0x000000077c000000)
 ParOldGen       total 104448K, used 7554K [0x00000006c0000000, 0x00000006c6600000, 0x000000076ab00000)
  object space 104448K, 7% used [0x00000006c0000000,0x00000006c0760850,0x00000006c6600000)
 Metaspace       used 29171K, capacity 30922K, committed 31104K, reserved 1077248K
  class space    used 3840K, capacity 4177K, committed 4224K, reserved 1048576K

Card table byte_map: [0x000000010df08000,0x000000010e709000] byte_map_base: 0x000000010a908000

Marking Bits: (ParMarkBitMap*) 0x00000001102f0d30
 Begin Bits: [0x000000011fef8000, 0x0000000123ef8000)
 End Bits:   [0x0000000123ef8000, 0x0000000127ef8000)

Polling page: 0x000000010daa0000

CodeCache: size=245760Kb used=5532Kb max_used=5532Kb free=240227Kb
 bounds [0x00000001109a2000, 0x0000000110f12000, 0x000000011f9a2000]
 total_blobs=3194 nmethods=2741 adapters=365
 compilation: enabled

Compilation events (10 events):
Event: 2.501 Thread 0x00007fdc00021000 2737       1       sun.awt.image.ByteInterleavedRaster::getByteData (851 bytes)
Event: 2.502 Thread 0x00007fdc00021000 nmethod 2737 0x0000000110f05c10 code [0x0000000110f05e60, 0x0000000110f06d28]
Event: 2.502 Thread 0x00007fdc00021000 2738       1       sun.awt.image.ByteInterleavedRaster::setDataElements (18 bytes)
Event: 2.502 Thread 0x00007fdc00021000 nmethod 2738 0x0000000110f08050 code [0x0000000110f081c0, 0x0000000110f08328]
Event: 2.504 Thread 0x00007fdc00021000 2739       1       javax.imageio.ImageReader::processImageUpdate (73 bytes)
Event: 2.505 Thread 0x00007fdc00021000 nmethod 2739 0x0000000110f083d0 code [0x0000000110f08560, 0x0000000110f08828]
Event: 2.603 Thread 0x00007fdc00021000 2741       1       java.lang.String::<init> (15 bytes)
Event: 2.603 Thread 0x00007fdc00021000 nmethod 2741 0x0000000110f08a10 code [0x0000000110f08b80, 0x0000000110f08dc8]
Event: 2.603 Thread 0x00007fdc00021000 2740       1       java.io.ObjectInputStream::access$900 (5 bytes)
Event: 2.603 Thread 0x00007fdc00021000 nmethod 2740 0x0000000110f08ed0 code [0x0000000110f09020, 0x0000000110f09110]

GC Heap History (8 events):
Event: 0.711 GC heap before
{Heap before GC invocations=1 (full 0):
 PSYoungGen      total 76288K, used 65536K [0x000000076ab00000, 0x0000000770000000, 0x00000007c0000000)
  eden space 65536K, 100% used [0x000000076ab00000,0x000000076eb00000,0x000000076eb00000)
  from space 10752K, 0% used [0x000000076f580000,0x000000076f580000,0x0000000770000000)
  to   space 10752K, 0% used [0x000000076eb00000,0x000000076eb00000,0x000000076f580000)
 ParOldGen       total 175104K, used 0K [0x00000006c0000000, 0x00000006cab00000, 0x000000076ab00000)
  object space 175104K, 0% used [0x00000006c0000000,0x00000006c0000000,0x00000006cab00000)
 Metaspace       used 13586K, capacity 14012K, committed 14208K, reserved 1060864K
  class space    used 1671K, capacity 1799K, committed 1920K, reserved 1048576K
Event: 0.718 GC heap after
Heap after GC invocations=1 (full 0):
 PSYoungGen      total 76288K, used 8272K [0x000000076ab00000, 0x0000000774000000, 0x00000007c0000000)
  eden space 65536K, 0% used [0x000000076ab00000,0x000000076ab00000,0x000000076eb00000)
  from space 10752K, 76% used [0x000000076eb00000,0x000000076f314108,0x000000076f580000)
  to   space 10752K, 0% used [0x0000000773580000,0x0000000773580000,0x0000000774000000)
 ParOldGen       total 175104K, used 16K [0x00000006c0000000, 0x00000006cab00000, 0x000000076ab00000)
  object space 175104K, 0% used [0x00000006c0000000,0x00000006c0004000,0x00000006cab00000)
 Metaspace       used 13586K, capacity 14012K, committed 14208K, reserved 1060864K
  class space    used 1671K, capacity 1799K, committed 1920K, reserved 1048576K
}
Event: 1.097 GC heap before
{Heap before GC invocations=2 (full 0):
 PSYoungGen      total 76288K, used 73808K [0x000000076ab00000, 0x0000000774000000, 0x00000007c0000000)
  eden space 65536K, 100% used [0x000000076ab00000,0x000000076eb00000,0x000000076eb00000)
  from space 10752K, 76% used [0x000000076eb00000,0x000000076f314108,0x000000076f580000)
  to   space 10752K, 0% used [0x0000000773580000,0x0000000773580000,0x0000000774000000)
 ParOldGen       total 175104K, used 16K [0x00000006c0000000, 0x00000006cab00000, 0x000000076ab00000)
  object space 175104K, 0% used [0x00000006c0000000,0x00000006c0004000,0x00000006cab00000)
 Metaspace       used 18343K, capacity 19112K, committed 19328K, reserved 1067008K
  class space    used 2385K, capacity 2587K, committed 2688K, reserved 1048576K
Event: 1.109 GC heap after
Heap after GC invocations=2 (full 0):
 PSYoungGen      total 141824K, used 9440K [0x000000076ab00000, 0x0000000774000000, 0x00000007c0000000)
  eden space 131072K, 0% used [0x000000076ab00000,0x000000076ab00000,0x0000000772b00000)
  from space 10752K, 87% used [0x0000000773580000,0x0000000773eb8218,0x0000000774000000)
  to   space 10752K, 0% used [0x0000000772b00000,0x0000000772b00000,0x0000000773580000)
 ParOldGen       total 175104K, used 24K [0x00000006c0000000, 0x00000006cab00000, 0x000000076ab00000)
  object space 175104K, 0% used [0x00000006c0000000,0x00000006c0006000,0x00000006cab00000)
 Metaspace       used 18343K, capacity 19112K, committed 19328K, reserved 1067008K
  class space    used 2385K, capacity 2587K, committed 2688K, reserved 1048576K
}
Event: 1.384 GC heap before
{Heap before GC invocations=3 (full 0):
 PSYoungGen      total 141824K, used 107004K [0x000000076ab00000, 0x0000000774000000, 0x00000007c0000000)
  eden space 131072K, 74% used [0x000000076ab00000,0x0000000770a47118,0x0000000772b00000)
  from space 10752K, 87% used [0x0000000773580000,0x0000000773eb8218,0x0000000774000000)
  to   space 10752K, 0% used [0x0000000772b00000,0x0000000772b00000,0x0000000773580000)
 ParOldGen       total 175104K, used 24K [0x00000006c0000000, 0x00000006cab00000, 0x000000076ab00000)
  object space 175104K, 0% used [0x00000006c0000000,0x00000006c0006000,0x00000006cab00000)
 Metaspace       used 20365K, capacity 21230K, committed 21296K, reserved 1067008K
  class space    used 2686K, capacity 2902K, committed 2944K, reserved 1048576K
Event: 1.391 GC heap after
Heap after GC invocations=3 (full 0):
 PSYoungGen      total 141824K, used 7833K [0x000000076ab00000, 0x000000077c000000, 0x00000007c0000000)
  eden space 131072K, 0% used [0x000000076ab00000,0x000000076ab00000,0x0000000772b00000)
  from space 10752K, 72% used [0x0000000772b00000,0x00000007732a6608,0x0000000773580000)
  to   space 10752K, 0% used [0x000000077b580000,0x000000077b580000,0x000000077c000000)
 ParOldGen       total 175104K, used 32K [0x00000006c0000000, 0x00000006cab00000, 0x000000076ab00000)
  object space 175104K, 0% used [0x00000006c0000000,0x00000006c0008000,0x00000006cab00000)
 Metaspace       used 20365K, capacity 21230K, committed 21296K, reserved 1067008K
  class space    used 2686K, capacity 2902K, committed 2944K, reserved 1048576K
}
Event: 1.391 GC heap before
{Heap before GC invocations=4 (full 1):
 PSYoungGen      total 141824K, used 7833K [0x000000076ab00000, 0x000000077c000000, 0x00000007c0000000)
  eden space 131072K, 0% used [0x000000076ab00000,0x000000076ab00000,0x0000000772b00000)
  from space 10752K, 72% used [0x0000000772b00000,0x00000007732a6608,0x0000000773580000)
  to   space 10752K, 0% used [0x000000077b580000,0x000000077b580000,0x000000077c000000)
 ParOldGen       total 175104K, used 32K [0x00000006c0000000, 0x00000006cab00000, 0x000000076ab00000)
  object space 175104K, 0% used [0x00000006c0000000,0x00000006c0008000,0x00000006cab00000)
 Metaspace       used 20365K, capacity 21230K, committed 21296K, reserved 1067008K
  class space    used 2686K, capacity 2902K, committed 2944K, reserved 1048576K
Event: 1.419 GC heap after
Heap after GC invocations=4 (full 1):
 PSYoungGen      total 141824K, used 0K [0x000000076ab00000, 0x000000077c000000, 0x00000007c0000000)
  eden space 131072K, 0% used [0x000000076ab00000,0x000000076ab00000,0x0000000772b00000)
  from space 10752K, 0% used [0x0000000772b00000,0x0000000772b00000,0x0000000773580000)
  to   space 10752K, 0% used [0x000000077b580000,0x000000077b580000,0x000000077c000000)
 ParOldGen       total 104448K, used 7554K [0x00000006c0000000, 0x00000006c6600000, 0x000000076ab00000)
  object space 104448K, 7% used [0x00000006c0000000,0x00000006c0760850,0x00000006c6600000)
 Metaspace       used 20363K, capacity 21224K, committed 21296K, reserved 1067008K
  class space    used 2685K, capacity 2901K, committed 2944K, reserved 1048576K
}

Deoptimization events (0 events):
No events

Internal exceptions (10 events):
Event: 1.966 Thread 0x00007fdc021ad800 Exception <a 'java/lang/ArrayIndexOutOfBoundsException'> (0x000000076eee6fe0) thrown at [/Users/java_re/workspace/8-2-build-macosx-x86_64/jdk8u121/8372/hotspot/src/share/vm/runtime/sharedRuntime.cpp, line 605]
Event: 1.966 Thread 0x00007fdc021ad800 Exception <a 'java/lang/ArrayIndexOutOfBoundsException'> (0x000000076eee8650) thrown at [/Users/java_re/workspace/8-2-build-macosx-x86_64/jdk8u121/8372/hotspot/src/share/vm/runtime/sharedRuntime.cpp, line 605]
Event: 1.988 Thread 0x00007fdc021ad800 Exception <a 'java/lang/IncompatibleClassChangeError': Found class java.lang.Object, but interface was expected> (0x000000076f119870) thrown at [/Users/java_re/workspace/8-2-build-macosx-x86_64/jdk8u121/8372/hotspot/src/share/vm/interpreter/linkResolver.c
Event: 2.097 Thread 0x00007fdc021ad800 Exception <a 'java/lang/ArrayIndexOutOfBoundsException'> (0x000000076fb08240) thrown at [/Users/java_re/workspace/8-2-build-macosx-x86_64/jdk8u121/8372/hotspot/src/share/vm/runtime/sharedRuntime.cpp, line 605]
Event: 2.097 Thread 0x00007fdc021ad800 Exception <a 'java/lang/ArrayIndexOutOfBoundsException'> (0x000000076fb14790) thrown at [/Users/java_re/workspace/8-2-build-macosx-x86_64/jdk8u121/8372/hotspot/src/share/vm/runtime/sharedRuntime.cpp, line 605]
Event: 2.097 Thread 0x00007fdc021ad800 Exception <a 'java/lang/ArrayIndexOutOfBoundsException'> (0x000000076fb16d88) thrown at [/Users/java_re/workspace/8-2-build-macosx-x86_64/jdk8u121/8372/hotspot/src/share/vm/runtime/sharedRuntime.cpp, line 605]
Event: 2.098 Thread 0x00007fdc021ad800 Exception <a 'java/lang/ArrayIndexOutOfBoundsException'> (0x000000076fb184a0) thrown at [/Users/java_re/workspace/8-2-build-macosx-x86_64/jdk8u121/8372/hotspot/src/share/vm/runtime/sharedRuntime.cpp, line 605]
Event: 2.098 Thread 0x00007fdc021ad800 Exception <a 'java/lang/ArrayIndexOutOfBoundsException'> (0x000000076fb1ade8) thrown at [/Users/java_re/workspace/8-2-build-macosx-x86_64/jdk8u121/8372/hotspot/src/share/vm/runtime/sharedRuntime.cpp, line 605]
Event: 2.125 Thread 0x00007fdc021ad800 Exception <a 'java/io/FileNotFoundException'> (0x000000076fd94cd8) thrown at [/Users/java_re/workspace/8-2-build-macosx-x86_64/jdk8u121/8372/hotspot/src/share/vm/prims/jni.cpp, line 709]
Event: 2.125 Thread 0x00007fdc021ad800 Exception <a 'java/io/FileNotFoundException'> (0x000000076fd95828) thrown at [/Users/java_re/workspace/8-2-build-macosx-x86_64/jdk8u121/8372/hotspot/src/share/vm/prims/jni.cpp, line 709]

Events (10 events):
Event: 2.477 loading class com/sun/imageio/plugins/common/ReaderUtil
Event: 2.478 loading class com/sun/imageio/plugins/common/ReaderUtil done
Event: 2.512 loading class javax/imageio/IIOImage
Event: 2.512 loading class javax/imageio/IIOImage done
Event: 2.550 loading class java/lang/StrictMath
Event: 2.550 loading class java/lang/StrictMath done
Event: 2.550 loading class com/sun/jna/Native$Buffers
Event: 2.550 loading class com/sun/jna/Native$Buffers done
Event: 2.583 loading class sun/net/ResourceManager
Event: 2.583 loading class sun/net/ResourceManager done


Dynamic libraries:
0x000000000e17c000 	/System/Library/Frameworks/Cocoa.framework/Versions/A/Cocoa
0x000000000e17c000 	/System/Library/Frameworks/Security.framework/Versions/A/Security
0x000000000e17c000 	/System/Library/Frameworks/ApplicationServices.framework/Versions/A/ApplicationServices
0x000000000e17c000 	/usr/lib/libz.1.dylib
0x000000000e17c000 	/usr/lib/libSystem.B.dylib
0x000000000e17c000 	/usr/lib/libobjc.A.dylib
0x000000000e17c000 	/System/Library/Frameworks/CoreFoundation.framework/Versions/A/CoreFoundation
0x000000000e17c000 	/System/Library/Frameworks/Foundation.framework/Versions/C/Foundation
0x000000000e17c000 	/System/Library/Frameworks/AppKit.framework/Versions/C/AppKit
0x000000000e17c000 	/System/Library/Frameworks/CoreData.framework/Versions/A/CoreData
0x000000000e17c000 	/System/Library/PrivateFrameworks/UIFoundation.framework/Versions/A/UIFoundation
0x000000000e17c000 	/System/Library/PrivateFrameworks/RemoteViewServices.framework/Versions/A/RemoteViewServices
0x000000000e17c000 	/System/Library/PrivateFrameworks/XCTTargetBootstrap.framework/Versions/A/XCTTargetBootstrap
0x000000000e17c000 	/System/Library/Frameworks/CoreDisplay.framework/Versions/A/CoreDisplay
0x000000000e17c000 	/System/Library/Frameworks/Metal.framework/Versions/A/Metal
0x000000000e17c000 	/System/Library/PrivateFrameworks/DesktopServicesPriv.framework/Versions/A/DesktopServicesPriv
0x000000000e17c000 	/usr/lib/liblangid.dylib
0x000000000e17c000 	/System/Library/PrivateFrameworks/CoreSVG.framework/Versions/A/CoreSVG
0x000000000e17c000 	/System/Library/PrivateFrameworks/SkyLight.framework/Versions/A/SkyLight
0x000000000e17c000 	/System/Library/Frameworks/CoreGraphics.framework/Versions/A/CoreGraphics
0x000000000e17c000 	/System/Library/Frameworks/Accelerate.framework/Versions/A/Accelerate
0x000000000e17c000 	/usr/lib/libxml2.2.dylib
0x000000000e17c000 	/System/Library/PrivateFrameworks/IconServices.framework/Versions/A/IconServices
0x000000000e17c000 	/System/Library/Frameworks/IOSurface.framework/Versions/A/IOSurface
0x000000000e17c000 	/usr/lib/libDiagnosticMessagesClient.dylib
0x000000000e17c000 	/System/Library/PrivateFrameworks/DFRFoundation.framework/Versions/A/DFRFoundation
0x000000000e17c000 	/usr/lib/libicucore.A.dylib
0x000000000e17c000 	/System/Library/Frameworks/AudioToolbox.framework/Versions/A/AudioToolbox
0x000000000e17c000 	/System/Library/Frameworks/AudioUnit.framework/Versions/A/AudioUnit
0x000000000e17c000 	/usr/lib/libauto.dylib
0x000000000e17c000 	/System/Library/PrivateFrameworks/DataDetectorsCore.framework/Versions/A/DataDetectorsCore
0x000000000e17c000 	/System/Library/Frameworks/Carbon.framework/Versions/A/Frameworks/HIToolbox.framework/Versions/A/HIToolbox
0x000000000e17c000 	/System/Library/Frameworks/QuartzCore.framework/Versions/A/QuartzCore
0x000000000e17c000 	/System/Library/Frameworks/Carbon.framework/Versions/A/Frameworks/SpeechRecognition.framework/Versions/A/SpeechRecognition
0x000000000e17c000 	/System/Library/PrivateFrameworks/CoreUI.framework/Versions/A/CoreUI
0x000000000e17c000 	/System/Library/Frameworks/CoreAudio.framework/Versions/A/CoreAudio
0x000000000e17c000 	/System/Library/Frameworks/DiskArbitration.framework/Versions/A/DiskArbitration
0x000000000e17c000 	/System/Library/PrivateFrameworks/MultitouchSupport.framework/Versions/A/MultitouchSupport
0x000000000e17c000 	/usr/lib/libenergytrace.dylib
0x000000000e17c000 	/System/Library/Frameworks/IOKit.framework/Versions/A/IOKit
0x000000000e17c000 	/System/Library/Frameworks/CoreServices.framework/Versions/A/CoreServices
0x000000000e17c000 	/System/Library/PrivateFrameworks/PerformanceAnalysis.framework/Versions/A/PerformanceAnalysis
0x000000000e17c000 	/System/Library/Frameworks/OpenGL.framework/Versions/A/OpenGL
0x000000000e17c000 	/System/Library/Frameworks/ColorSync.framework/Versions/A/ColorSync
0x000000000e17c000 	/System/Library/Frameworks/CoreImage.framework/Versions/A/CoreImage
0x000000000e17c000 	/System/Library/Frameworks/CoreText.framework/Versions/A/CoreText
0x000000000e17c000 	/System/Library/Frameworks/ImageIO.framework/Versions/A/ImageIO
0x000000000e17c000 	/usr/lib/libc++.1.dylib
0x000000000e17c000 	/usr/lib/libcompression.dylib
0x000000000e17c000 	/usr/lib/libMobileGestalt.dylib
0x000000000e17c000 	/System/Library/PrivateFrameworks/TextureIO.framework/Versions/A/TextureIO
0x000000000e17c000 	/usr/lib/libate.dylib
0x000000000e17c000 	/System/Library/PrivateFrameworks/InternationalSupport.framework/Versions/A/InternationalSupport
0x000000000e17c000 	/usr/lib/system/libcache.dylib
0x000000000e17c000 	/usr/lib/system/libcommonCrypto.dylib
0x000000000e17c000 	/usr/lib/system/libcompiler_rt.dylib
0x000000000e17c000 	/usr/lib/system/libcopyfile.dylib
0x000000000e17c000 	/usr/lib/system/libcorecrypto.dylib
0x000000000e17c000 	/usr/lib/system/libdispatch.dylib
0x000000000e17c000 	/usr/lib/system/libdyld.dylib
0x000000000e17c000 	/usr/lib/system/libkeymgr.dylib
0x000000000e17c000 	/usr/lib/system/liblaunch.dylib
0x000000000e17c000 	/usr/lib/system/libmacho.dylib
0x000000000e17c000 	/usr/lib/system/libquarantine.dylib
0x000000000e17c000 	/usr/lib/system/libremovefile.dylib
0x000000000e17c000 	/usr/lib/system/libsystem_asl.dylib
0x000000000e17c000 	/usr/lib/system/libsystem_blocks.dylib
0x000000000e17c000 	/usr/lib/system/libsystem_c.dylib
0x000000000e17c000 	/usr/lib/system/libsystem_configuration.dylib
0x000000000e17c000 	/usr/lib/system/libsystem_coreservices.dylib
0x000000000e17c000 	/usr/lib/system/libsystem_darwin.dylib
0x000000000e17c000 	/usr/lib/system/libsystem_dnssd.dylib
0x000000000e17c000 	/usr/lib/system/libsystem_featureflags.dylib
0x000000000e17c000 	/usr/lib/system/libsystem_info.dylib
0x000000000e17c000 	/usr/lib/system/libsystem_m.dylib
0x000000000e17c000 	/usr/lib/system/libsystem_malloc.dylib
0x000000000e17c000 	/usr/lib/system/libsystem_networkextension.dylib
0x000000000e17c000 	/usr/lib/system/libsystem_notify.dylib
0x000000000e17c000 	/usr/lib/system/libsystem_sandbox.dylib
0x000000000e17c000 	/usr/lib/system/libsystem_secinit.dylib
0x000000000e17c000 	/usr/lib/system/libsystem_kernel.dylib
0x000000000e17c000 	/usr/lib/system/libsystem_platform.dylib
0x000000000e17c000 	/usr/lib/system/libsystem_pthread.dylib
0x000000000e17c000 	/usr/lib/system/libsystem_symptoms.dylib
0x000000000e17c000 	/usr/lib/system/libsystem_trace.dylib
0x000000000e17c000 	/usr/lib/system/libunwind.dylib
0x000000000e17c000 	/usr/lib/system/libxpc.dylib
0x000000000e17c000 	/usr/lib/libc++abi.dylib
0x000000000e17c000 	/usr/lib/liblzma.5.dylib
0x000000000e17c000 	/usr/lib/libfakelink.dylib
0x000000000e17c000 	/usr/lib/libarchive.2.dylib
0x000000000e17c000 	/System/Library/Frameworks/SystemConfiguration.framework/Versions/A/SystemConfiguration
0x000000000e17c000 	/usr/lib/libCRFSuite.dylib
0x000000000e17c000 	/System/Library/Frameworks/CFNetwork.framework/Versions/A/CFNetwork
0x000000000e17c000 	/usr/lib/libbsm.0.dylib
0x000000000e17c000 	/usr/lib/system/libkxld.dylib
0x000000000e17c000 	/System/Library/PrivateFrameworks/AppleFSCompression.framework/Versions/A/AppleFSCompression
0x000000000e17c000 	/usr/lib/libcoretls.dylib
0x000000000e17c000 	/usr/lib/libcoretls_cfhelpers.dylib
0x000000000e17c000 	/usr/lib/libpam.2.dylib
0x000000000e17c000 	/usr/lib/libsqlite3.dylib
0x000000000e17c000 	/usr/lib/libxar.1.dylib
0x000000000e17c000 	/usr/lib/libbz2.1.0.dylib
0x000000000e17c000 	/usr/lib/libiconv.2.dylib
0x000000000e17c000 	/usr/lib/libcharset.1.dylib
0x000000000e17c000 	/usr/lib/libnetwork.dylib
0x000000000e17c000 	/usr/lib/libpcap.A.dylib
0x000000000e17c000 	/usr/lib/libapple_nghttp2.dylib
0x000000000e17c000 	/System/Library/Frameworks/CoreServices.framework/Versions/A/Frameworks/FSEvents.framework/Versions/A/FSEvents
0x000000000e17c000 	/System/Library/Frameworks/CoreServices.framework/Versions/A/Frameworks/CarbonCore.framework/Versions/A/CarbonCore
0x000000000e17c000 	/System/Library/Frameworks/CoreServices.framework/Versions/A/Frameworks/Metadata.framework/Versions/A/Metadata
0x000000000e17c000 	/System/Library/Frameworks/CoreServices.framework/Versions/A/Frameworks/OSServices.framework/Versions/A/OSServices
0x000000000e17c000 	/System/Library/Frameworks/CoreServices.framework/Versions/A/Frameworks/SearchKit.framework/Versions/A/SearchKit
0x000000000e17c000 	/System/Library/Frameworks/CoreServices.framework/Versions/A/Frameworks/AE.framework/Versions/A/AE
0x000000000e17c000 	/System/Library/Frameworks/CoreServices.framework/Versions/A/Frameworks/LaunchServices.framework/Versions/A/LaunchServices
0x000000000e17c000 	/System/Library/Frameworks/CoreServices.framework/Versions/A/Frameworks/DictionaryServices.framework/Versions/A/DictionaryServices
0x000000000e17c000 	/System/Library/Frameworks/CoreServices.framework/Versions/A/Frameworks/SharedFileList.framework/Versions/A/SharedFileList
0x000000000e17c000 	/System/Library/Frameworks/NetFS.framework/Versions/A/NetFS
0x000000000e17c000 	/System/Library/PrivateFrameworks/NetAuth.framework/Versions/A/NetAuth
0x000000000e17c000 	/System/Library/PrivateFrameworks/login.framework/Versions/A/Frameworks/loginsupport.framework/Versions/A/loginsupport
0x000000000e17c000 	/System/Library/PrivateFrameworks/TCC.framework/Versions/A/TCC
0x000000000e17c000 	/System/Library/PrivateFrameworks/CoreNLP.framework/Versions/A/CoreNLP
0x000000000e17c000 	/System/Library/PrivateFrameworks/MetadataUtilities.framework/Versions/A/MetadataUtilities
0x000000000e17c000 	/usr/lib/libmecabra.dylib
0x000000000e17c000 	/usr/lib/libmecab.dylib
0x000000000e17c000 	/usr/lib/libgermantok.dylib
0x000000000e17c000 	/usr/lib/libThaiTokenizer.dylib
0x000000000e17c000 	/usr/lib/libChineseTokenizer.dylib
0x000000000e17c000 	/System/Library/Frameworks/Accelerate.framework/Versions/A/Frameworks/vImage.framework/Versions/A/vImage
0x000000000e17c000 	/System/Library/Frameworks/Accelerate.framework/Versions/A/Frameworks/vecLib.framework/Versions/A/vecLib
0x000000000e17c000 	/System/Library/Frameworks/Accelerate.framework/Versions/A/Frameworks/vecLib.framework/Versions/A/libvMisc.dylib
0x000000000e17c000 	/System/Library/Frameworks/Accelerate.framework/Versions/A/Frameworks/vecLib.framework/Versions/A/libvDSP.dylib
0x000000000e17c000 	/System/Library/Frameworks/Accelerate.framework/Versions/A/Frameworks/vecLib.framework/Versions/A/libBLAS.dylib
0x000000000e17c000 	/System/Library/Frameworks/Accelerate.framework/Versions/A/Frameworks/vecLib.framework/Versions/A/libLAPACK.dylib
0x000000000e17c000 	/System/Library/Frameworks/Accelerate.framework/Versions/A/Frameworks/vecLib.framework/Versions/A/libLinearAlgebra.dylib
0x000000000e17c000 	/System/Library/Frameworks/Accelerate.framework/Versions/A/Frameworks/vecLib.framework/Versions/A/libSparseBLAS.dylib
0x000000000e17c000 	/System/Library/Frameworks/Accelerate.framework/Versions/A/Frameworks/vecLib.framework/Versions/A/libQuadrature.dylib
0x000000000e17c000 	/System/Library/Frameworks/Accelerate.framework/Versions/A/Frameworks/vecLib.framework/Versions/A/libBNNS.dylib
0x000000000e17c000 	/System/Library/Frameworks/Accelerate.framework/Versions/A/Frameworks/vecLib.framework/Versions/A/libSparse.dylib
0x000000000e17c000 	/System/Library/PrivateFrameworks/LanguageModeling.framework/Versions/A/LanguageModeling
0x000000000e17c000 	/System/Library/PrivateFrameworks/CoreEmoji.framework/Versions/A/CoreEmoji
0x000000000e17c000 	/System/Library/PrivateFrameworks/LinguisticData.framework/Versions/A/LinguisticData
0x000000000e17c000 	/System/Library/PrivateFrameworks/Lexicon.framework/Versions/A/Lexicon
0x000000000e17c000 	/usr/lib/libcmph.dylib
0x000000000e17c000 	/System/Library/Frameworks/OpenDirectory.framework/Versions/A/Frameworks/CFOpenDirectory.framework/Versions/A/CFOpenDirectory
0x000000000e17c000 	/System/Library/Frameworks/OpenDirectory.framework/Versions/A/OpenDirectory
0x000000000e17c000 	/System/Library/PrivateFrameworks/APFS.framework/Versions/A/APFS
0x000000000e17c000 	/System/Library/Frameworks/SecurityFoundation.framework/Versions/A/SecurityFoundation
0x000000000e17c000 	/usr/lib/libutil.dylib
0x000000000e17c000 	/System/Library/PrivateFrameworks/CoreServicesStore.framework/Versions/A/CoreServicesStore
0x000000000e17c000 	/System/Library/Frameworks/ServiceManagement.framework/Versions/A/ServiceManagement
0x000000000e17c000 	/System/Library/PrivateFrameworks/BackgroundTaskManagement.framework/Versions/A/BackgroundTaskManagement
0x000000000e17c000 	/usr/lib/libxslt.1.dylib
0x000000000e17c000 	/System/Library/PrivateFrameworks/AppleSystemInfo.framework/Versions/A/AppleSystemInfo
0x000000000e17c000 	/System/Library/Frameworks/ImageIO.framework/Versions/A/Resources/libJPEG.dylib
0x000000000e17c000 	/System/Library/Frameworks/ImageIO.framework/Versions/A/Resources/libTIFF.dylib
0x000000000e17c000 	/System/Library/Frameworks/ImageIO.framework/Versions/A/Resources/libPng.dylib
0x000000000e17c000 	/System/Library/Frameworks/ImageIO.framework/Versions/A/Resources/libGIF.dylib
0x000000000e17c000 	/System/Library/Frameworks/ImageIO.framework/Versions/A/Resources/libJP2.dylib
0x000000000e17c000 	/System/Library/Frameworks/ImageIO.framework/Versions/A/Resources/libRadiance.dylib
0x000000000e17c000 	/usr/lib/libexpat.1.dylib
0x000000000e17c000 	/System/Library/PrivateFrameworks/AppleJPEG.framework/Versions/A/AppleJPEG
0x000000000e17c000 	/System/Library/PrivateFrameworks/FontServices.framework/libFontParser.dylib
0x000000000e17c000 	/System/Library/PrivateFrameworks/WatchdogClient.framework/Versions/A/WatchdogClient
0x000000000e17c000 	/System/Library/PrivateFrameworks/IOAccelerator.framework/Versions/A/IOAccelerator
0x000000000e17c000 	/System/Library/Frameworks/MetalPerformanceShaders.framework/Versions/A/MetalPerformanceShaders
0x000000000e17c000 	/System/Library/PrivateFrameworks/GPUWrangler.framework/Versions/A/GPUWrangler
0x000000000e17c000 	/System/Library/PrivateFrameworks/IOPresentment.framework/Versions/A/IOPresentment
0x000000000e17c000 	/System/Library/PrivateFrameworks/DSExternalDisplay.framework/Versions/A/DSExternalDisplay
0x000000000e17c000 	/System/Library/Frameworks/OpenGL.framework/Versions/A/Libraries/libCoreFSCache.dylib
0x000000000e17c000 	/System/Library/Frameworks/MetalPerformanceShaders.framework/Frameworks/MPSCore.framework/Versions/A/MPSCore
0x000000000e17c000 	/System/Library/Frameworks/MetalPerformanceShaders.framework/Frameworks/MPSImage.framework/Versions/A/MPSImage
0x000000000e17c000 	/System/Library/Frameworks/MetalPerformanceShaders.framework/Frameworks/MPSNeuralNetwork.framework/Versions/A/MPSNeuralNetwork
0x000000000e17c000 	/System/Library/Frameworks/MetalPerformanceShaders.framework/Frameworks/MPSMatrix.framework/Versions/A/MPSMatrix
0x000000000e17c000 	/System/Library/Frameworks/MetalPerformanceShaders.framework/Frameworks/MPSRayIntersector.framework/Versions/A/MPSRayIntersector
0x000000000e17c000 	/System/Library/Frameworks/MetalPerformanceShaders.framework/Frameworks/MPSNDArray.framework/Versions/A/MPSNDArray
0x000000000e17c000 	/System/Library/PrivateFrameworks/MetalTools.framework/Versions/A/MetalTools
0x000000000e17c000 	/System/Library/PrivateFrameworks/AggregateDictionary.framework/Versions/A/AggregateDictionary
0x000000000e17c000 	/System/Library/PrivateFrameworks/CoreAnalytics.framework/Versions/A/CoreAnalytics
0x000000000e17c000 	/System/Library/PrivateFrameworks/AppleSauce.framework/Versions/A/AppleSauce
0x000000000e17c000 	/usr/lib/libIOReport.dylib
0x000000000e17c000 	/System/Library/Frameworks/CoreVideo.framework/Versions/A/CoreVideo
0x000000000e17c000 	/System/Library/PrivateFrameworks/GraphVisualizer.framework/Versions/A/GraphVisualizer
0x000000000e17c000 	/System/Library/PrivateFrameworks/FaceCore.framework/Versions/A/FaceCore
0x000000000e17c000 	/System/Library/Frameworks/OpenCL.framework/Versions/A/OpenCL
0x000000000e17c000 	/usr/lib/libFosl_dynamic.dylib
0x000000000e17c000 	/System/Library/PrivateFrameworks/OTSVG.framework/Versions/A/OTSVG
0x000000000e17c000 	/System/Library/Frameworks/ApplicationServices.framework/Versions/A/Frameworks/ATS.framework/Versions/A/Resources/libFontRegistry.dylib
0x000000000e17c000 	/System/Library/PrivateFrameworks/FontServices.framework/libhvf.dylib
0x000000000e17c000 	/System/Library/Frameworks/OpenGL.framework/Versions/A/Libraries/libGFXShared.dylib
0x000000000e17c000 	/System/Library/Frameworks/OpenGL.framework/Versions/A/Libraries/libGLU.dylib
0x000000000e17c000 	/System/Library/Frameworks/OpenGL.framework/Versions/A/Libraries/libGL.dylib
0x000000000e17c000 	/System/Library/Frameworks/OpenGL.framework/Versions/A/Libraries/libGLImage.dylib
0x000000000e17c000 	/System/Library/Frameworks/OpenGL.framework/Versions/A/Libraries/libCVMSPluginSupport.dylib
0x000000000e17c000 	/System/Library/Frameworks/OpenGL.framework/Versions/A/Libraries/libCoreVMClient.dylib
0x000000000e17c000 	/usr/lib/libncurses.5.4.dylib
0x000000000e17c000 	/System/Library/Frameworks/ApplicationServices.framework/Versions/A/Frameworks/ATS.framework/Versions/A/ATS
0x000000000e17c000 	/System/Library/Frameworks/ApplicationServices.framework/Versions/A/Frameworks/ColorSyncLegacy.framework/Versions/A/ColorSyncLegacy
0x000000000e17c000 	/System/Library/Frameworks/ApplicationServices.framework/Versions/A/Frameworks/HIServices.framework/Versions/A/HIServices
0x000000000e17c000 	/System/Library/Frameworks/ApplicationServices.framework/Versions/A/Frameworks/LangAnalysis.framework/Versions/A/LangAnalysis
0x000000000e17c000 	/System/Library/Frameworks/ApplicationServices.framework/Versions/A/Frameworks/PrintCore.framework/Versions/A/PrintCore
0x000000000e17c000 	/System/Library/Frameworks/ApplicationServices.framework/Versions/A/Frameworks/QD.framework/Versions/A/QD
0x000000000e17c000 	/System/Library/Frameworks/ApplicationServices.framework/Versions/A/Frameworks/SpeechSynthesis.framework/Versions/A/SpeechSynthesis
0x000000000e17c000 	/System/Library/Frameworks/ApplicationServices.framework/Versions/A/Frameworks/ATSUI.framework/Versions/A/ATSUI
0x000000000e17c000 	/usr/lib/libcups.2.dylib
0x000000000e17c000 	/System/Library/Frameworks/Kerberos.framework/Versions/A/Kerberos
0x000000000e17c000 	/System/Library/Frameworks/GSS.framework/Versions/A/GSS
0x000000000e17c000 	/usr/lib/libresolv.9.dylib
0x000000000e17c000 	/System/Library/PrivateFrameworks/Heimdal.framework/Versions/A/Heimdal
0x000000000e17c000 	/System/Library/Frameworks/Kerberos.framework/Versions/A/Libraries/libHeimdalProxy.dylib
0x000000000e17c000 	/usr/lib/libheimdal-asn1.dylib
0x000000000e17c000 	/System/Library/PrivateFrameworks/CommonAuth.framework/Versions/A/CommonAuth
0x000000000e17c000 	/System/Library/PrivateFrameworks/AssertionServices.framework/Versions/A/AssertionServices
0x000000000e17c000 	/System/Library/PrivateFrameworks/AudioToolboxCore.framework/Versions/A/AudioToolboxCore
0x000000000e17c000 	/System/Library/PrivateFrameworks/caulk.framework/Versions/A/caulk
0x000000000e17c000 	/System/Library/PrivateFrameworks/BaseBoard.framework/Versions/A/BaseBoard
0x000000000e17c000 	/System/Library/PrivateFrameworks/RunningBoardServices.framework/Versions/A/RunningBoardServices
0x000000000e17c000 	/System/Library/PrivateFrameworks/PersistentConnection.framework/Versions/A/PersistentConnection
0x000000000e17c000 	/System/Library/PrivateFrameworks/ProtocolBuffer.framework/Versions/A/ProtocolBuffer
0x000000000e17c000 	/System/Library/PrivateFrameworks/CommonUtilities.framework/Versions/A/CommonUtilities
0x000000000e17c000 	/System/Library/PrivateFrameworks/Bom.framework/Versions/A/Bom
0x000000000e17c000 	/usr/lib/libAudioToolboxUtility.dylib
0x000000000e17c000 	/System/Library/PrivateFrameworks/Backup.framework/Versions/A/Backup
0x000000000e17c000 	/System/Library/PrivateFrameworks/CrashReporterSupport.framework/Versions/A/CrashReporterSupport
0x000000000e17c000 	/System/Library/PrivateFrameworks/Sharing.framework/Versions/A/Sharing
0x000000000e17c000 	/System/Library/PrivateFrameworks/Apple80211.framework/Versions/A/Apple80211
0x000000000e17c000 	/System/Library/PrivateFrameworks/AuthKit.framework/Versions/A/AuthKit
0x000000000e17c000 	/System/Library/PrivateFrameworks/CoreUtils.framework/Versions/A/CoreUtils
0x000000000e17c000 	/System/Library/Frameworks/CoreWLAN.framework/Versions/A/CoreWLAN
0x000000000e17c000 	/System/Library/Frameworks/IOBluetooth.framework/Versions/A/IOBluetooth
0x000000000e17c000 	/System/Library/PrivateFrameworks/MobileKeyBag.framework/Versions/A/MobileKeyBag
0x000000000e17c000 	/System/Library/PrivateFrameworks/CorePhoneNumbers.framework/Versions/A/CorePhoneNumbers
0x000000000e17c000 	/System/Library/PrivateFrameworks/AppleIDAuthSupport.framework/Versions/A/AppleIDAuthSupport
0x000000000e17c000 	/System/Library/Frameworks/Network.framework/Versions/A/Network
0x000000000e17c000 	/System/Library/PrivateFrameworks/KeychainCircle.framework/Versions/A/KeychainCircle
0x000000000e17c000 	/System/Library/Frameworks/CoreBluetooth.framework/Versions/A/CoreBluetooth
0x000000000e17c000 	/System/Library/PrivateFrameworks/SpeechRecognitionCore.framework/Versions/A/SpeechRecognitionCore
0x000000010fa00000 	/Library/Java/JavaVirtualMachines/jdk1.8.0_121.jdk/Contents/Home/jre/lib/server/libjvm.dylib
0x000000000e17c000 	/usr/lib/libstdc++.6.dylib
0x000000010da5d000 	/Library/Java/JavaVirtualMachines/jdk1.8.0_121.jdk/Contents/Home/jre/lib/libverify.dylib
0x000000010da6b000 	/Library/Java/JavaVirtualMachines/jdk1.8.0_121.jdk/Contents/Home/jre/lib/libjava.dylib
0x000000010daa1000 	/Library/Java/JavaVirtualMachines/jdk1.8.0_121.jdk/Contents/Home/jre/lib/libinstrument.dylib
0x000000010db3f000 	/Library/Java/JavaVirtualMachines/jdk1.8.0_121.jdk/Contents/Home/jre/lib/libzip.dylib
0x000000000e17c000 	/System/Library/Frameworks/JavaVM.framework/Versions/A/Frameworks/JavaRuntimeSupport.framework/Versions/A/JavaRuntimeSupport
0x000000000e17c000 	/System/Library/Frameworks/JavaVM.framework/Versions/A/Frameworks/JavaNativeFoundation.framework/Versions/A/JavaNativeFoundation
0x000000000e17c000 	/System/Library/Frameworks/JavaVM.framework/Versions/A/JavaVM
0x000000000e17c000 	/System/Library/Frameworks/Carbon.framework/Versions/A/Carbon
0x000000000e17c000 	/System/Library/PrivateFrameworks/CoreSymbolication.framework/Versions/A/CoreSymbolication
0x000000000e17c000 	/System/Library/PrivateFrameworks/JavaLaunching.framework/Versions/A/JavaLaunching
0x000000000e17c000 	/System/Library/Frameworks/Carbon.framework/Versions/A/Frameworks/CommonPanels.framework/Versions/A/CommonPanels
0x000000000e17c000 	/System/Library/Frameworks/Carbon.framework/Versions/A/Frameworks/Help.framework/Versions/A/Help
0x000000000e17c000 	/System/Library/Frameworks/Carbon.framework/Versions/A/Frameworks/ImageCapture.framework/Versions/A/ImageCapture
0x000000000e17c000 	/System/Library/Frameworks/Carbon.framework/Versions/A/Frameworks/OpenScripting.framework/Versions/A/OpenScripting
0x000000000e17c000 	/System/Library/Frameworks/Carbon.framework/Versions/A/Frameworks/Ink.framework/Versions/A/Ink
0x000000000e17c000 	/System/Library/Frameworks/Carbon.framework/Versions/A/Frameworks/Print.framework/Versions/A/Print
0x000000000e17c000 	/System/Library/Frameworks/Carbon.framework/Versions/A/Frameworks/SecurityHI.framework/Versions/A/SecurityHI
0x000000000e17c000 	/System/Library/PrivateFrameworks/DebugSymbols.framework/Versions/A/DebugSymbols
0x000000012cb18000 	/Library/Java/JavaVirtualMachines/jdk1.8.0_121.jdk/Contents/Home/jre/lib/libnet.dylib
0x000000012cb77000 	/Library/Java/JavaVirtualMachines/jdk1.8.0_121.jdk/Contents/Home/jre/lib/libmanagement.dylib
0x000000012cb85000 	/Library/Java/JavaVirtualMachines/jdk1.8.0_121.jdk/Contents/Home/jre/lib/libnio.dylib
0x000000012de49000 	/Library/Java/JavaVirtualMachines/jdk1.8.0_121.jdk/Contents/Home/jre/lib/libawt.dylib
0x000000012def1000 	/Library/Java/JavaVirtualMachines/jdk1.8.0_121.jdk/Contents/Home/jre/lib/libmlib_image.dylib
0x000000012dfbd000 	/Library/Java/JavaVirtualMachines/jdk1.8.0_121.jdk/Contents/Home/jre/lib/libawt_lwawt.dylib
0x000000012cddd000 	/Library/Java/JavaVirtualMachines/jdk1.8.0_121.jdk/Contents/Home/jre/lib/libosxapp.dylib
0x000000000e17c000 	/System/Library/Frameworks/ExceptionHandling.framework/Versions/A/ExceptionHandling
0x000000012cdf9000 	/Users/oalbader/Library/Caches/JNA/temp/jna7292422404955360678.tmp
0x000000012e074000 	/usr/local/Cellar/tesseract/4.1.1/lib/libtesseract.4.dylib
0x000000012e2f2000 	/usr/local/opt/leptonica/lib/liblept.5.dylib
0x000000000e17c000 	/usr/lib/libcurl.4.dylib
0x000000012e502000 	/usr/local/opt/libpng/lib/libpng16.16.dylib
0x000000012e52e000 	/usr/local/opt/jpeg/lib/libjpeg.9.dylib
0x000000012ce0f000 	/usr/local/opt/giflib/lib/libgif.dylib
0x000000012e564000 	/usr/local/opt/libtiff/lib/libtiff.5.dylib
0x000000012ce18000 	/usr/local/opt/webp/lib/libwebpmux.3.dylib
0x000000012e5d1000 	/usr/local/opt/webp/lib/libwebp.7.dylib
0x000000012e633000 	/usr/local/opt/openjpeg/lib/libopenjp2.7.dylib
0x000000000e17c000 	/usr/lib/libcrypto.44.dylib
0x000000000e17c000 	/usr/lib/libssl.46.dylib
0x000000000e17c000 	/System/Library/Frameworks/LDAP.framework/Versions/A/LDAP
0x000000000e17c000 	/System/Library/PrivateFrameworks/TrustEvaluationAgent.framework/Versions/A/TrustEvaluationAgent
0x000000000e17c000 	/usr/lib/libsasl2.2.dylib
0x000000000e17c000 	/System/Library/PrivateFrameworks/CoreDaemon.framework/Versions/B/CoreDaemon
0x000000000e17c000 	/System/Library/PrivateFrameworks/AppleSRP.framework/Versions/A/AppleSRP

VM Arguments:
jvm_args: -XX:TieredStopAtLevel=1 -Xverify:none -Dspring.output.ansi.enabled=always -Dcom.sun.management.jmxremote -Dspring.jmx.enabled=true -Dspring.liveBeansView.mbeanDomain -Dspring.application.admin.enabled=true -javaagent:/Applications/IntelliJ IDEA.app/Contents/lib/idea_rt.jar=50317:/Applications/IntelliJ IDEA.app/Contents/bin -Dfile.encoding=UTF-8 
java_command: io.oalbader.ocr.OcrApplication
java_class_path (initial): /Library/Java/JavaVirtualMachines/jdk1.8.0_121.jdk/Contents/Home/jre/lib/charsets.jar:/Library/Java/JavaVirtualMachines/jdk1.8.0_121.jdk/Contents/Home/jre/lib/deploy.jar:/Library/Java/JavaVirtualMachines/jdk1.8.0_121.jdk/Contents/Home/jre/lib/ext/cldrdata.jar:/Library/Java/JavaVirtualMachines/jdk1.8.0_121.jdk/Contents/Home/jre/lib/ext/dnsns.jar:/Library/Java/JavaVirtualMachines/jdk1.8.0_121.jdk/Contents/Home/jre/lib/ext/jaccess.jar:/Library/Java/JavaVirtualMachines/jdk1.8.0_121.jdk/Contents/Home/jre/lib/ext/jfxrt.jar:/Library/Java/JavaVirtualMachines/jdk1.8.0_121.jdk/Contents/Home/jre/lib/ext/localedata.jar:/Library/Java/JavaVirtualMachines/jdk1.8.0_121.jdk/Contents/Home/jre/lib/ext/nashorn.jar:/Library/Java/JavaVirtualMachines/jdk1.8.0_121.jdk/Contents/Home/jre/lib/ext/sunec.jar:/Library/Java/JavaVirtualMachines/jdk1.8.0_121.jdk/Contents/Home/jre/lib/ext/sunjce_provider.jar:/Library/Java/JavaVirtualMachines/jdk1.8.0_121.jdk/Contents/Home/jre/lib/ext/sunpkcs11.jar:/Library/Java/JavaVirtualMachines/jdk1.8.0_121.jdk/Contents/Home/jre/lib/ext/zipfs.jar:/Library/Java/JavaVirtualMachines/jdk1.8.0_121.jdk/Contents/Home/jre/lib/javaws.jar:/Library/Java/JavaVirtualMachines/jdk1.8.0_121.jdk/Contents/Home/jre/lib/jce.jar:/Library/Java/JavaVirtualMachines/jdk1.8.0_121.jdk/Contents/Home/jre/lib/jfr.jar:/Library/Java/JavaVirtualMachines/jdk1.8.0_121.jdk/Contents/Home/jre/lib/jfxswt.jar:/Library/Java/JavaVirtualMachines/jdk1.8.0_121.jdk/Contents/Home/jre/lib/jsse.jar:/Library/Java/JavaVirtualMachines/jdk1.8.0_121.jdk/Contents/Home/jre/lib/management-agent.jar:/Library/Java/JavaVirtualMachines/jdk1.8.0_121.jdk/Contents/Home/jre/lib/plugin.jar:/Library/Java/JavaVirtualMachines/jdk1.8.0_121.jdk/Contents/Home/jre/lib/resources.jar:/Library/Java/JavaVirtualMachines/jdk1.8.0_121.jdk/Contents/Home/jre/lib/rt.jar:/Library/Java/JavaVirtualMachines/jdk1.8.0_121.jdk/Contents/Home/lib/ant-javafx.jar:/Library/Java/JavaVirtualMachines/jdk1.8.0_121.jdk/Contents/Home
Launcher Type: SUN_STANDARD

Environment Variables:
PATH=/usr/local/opt/icu4c/sbin:/usr/local/opt/icu4c/bin:/usr/local/opt/postgresql@9.5/bin:/usr/local/bin:/usr/bin:/bin:/usr/sbin:/sbin:/usr/local/Cellar/node/11.4.0/bin/lessc:/Applications/Wireshark.app/Contents/MacOS
SHELL=/bin/zsh

Signal Handlers:
SIGSEGV: [libjvm.dylib+0x5b1141], sa_mask[0]=11111111011111110111111111111111, sa_flags=SA_ONSTACK|SA_RESTART|SA_SIGINFO
SIGBUS: [libjvm.dylib+0x5b1141], sa_mask[0]=11111111011111110111111111111111, sa_flags=SA_RESTART|SA_SIGINFO
SIGFPE: [libjvm.dylib+0x487bc4], sa_mask[0]=11111111011111110111111111111111, sa_flags=SA_RESTART|SA_SIGINFO
SIGPIPE: [libjvm.dylib+0x487bc4], sa_mask[0]=11111111011111110111111111111111, sa_flags=SA_RESTART|SA_SIGINFO
SIGXFSZ: [libjvm.dylib+0x487bc4], sa_mask[0]=11111111011111110111111111111111, sa_flags=SA_RESTART|SA_SIGINFO
SIGILL: [libjvm.dylib+0x487bc4], sa_mask[0]=11111111011111110111111111111111, sa_flags=SA_RESTART|SA_SIGINFO
SIGUSR1: SIG_DFL, sa_mask[0]=00000000000000000000000000000000, sa_flags=none
SIGUSR2: [libjvm.dylib+0x4876e2], sa_mask[0]=00100000000000000000000000000000, sa_flags=SA_RESTART|SA_SIGINFO
SIGHUP: [libjvm.dylib+0x485cb9], sa_mask[0]=11111111011111110111111111111111, sa_flags=SA_RESTART|SA_SIGINFO
SIGINT: [libjvm.dylib+0x485cb9], sa_mask[0]=11111111011111110111111111111111, sa_flags=SA_RESTART|SA_SIGINFO
SIGTERM: [libjvm.dylib+0x485cb9], sa_mask[0]=11111111011111110111111111111111, sa_flags=SA_RESTART|SA_SIGINFO
SIGQUIT: [libjvm.dylib+0x485cb9], sa_mask[0]=11111111011111110111111111111111, sa_flags=SA_RESTART|SA_SIGINFO


---------------  S Y S T E M  ---------------

OS:Bsduname:Darwin 19.3.0 Darwin Kernel Version 19.3.0: Thu Jan  9 20:58:23 PST 2020; root:xnu-6153.81.5~1/RELEASE_X86_64 x86_64
rlimit: STACK 8192k, CORE 0k, NPROC 2784, NOFILE 10240, AS infinity
load average:2.76 2.65 2.41

CPU:total 8 (4 cores per cpu, 2 threads per core) family 6 model 70 stepping 1, cmov, cx8, fxsr, mmx, sse, sse2, sse3, ssse3, sse4.1, sse4.2, popcnt, avx, avx2, aes, clmul, erms, lzcnt, ht, tsc, tscinvbit, bmi1, bmi2

Memory: 4k page, physical 16777216k(177808k free)

/proc/meminfo:


vm_info: Java HotSpot(TM) 64-Bit Server VM (25.121-b13) for bsd-amd64 JRE (1.8.0_121-b13), built on Dec 12 2016 20:39:32 by "java_re" with gcc 4.2.1 (Based on Apple Inc. build 5658) (LLVM build 2336.11.00)

time: Thu May 21 00:02:33 2020
elapsed time: 2 seconds (0d 0h 0m 2s)

